<?xml version="1.0" encoding="UTF-8"?>
  <testsuite name="OCI Distribution Conformance Tests" tests="60" failures="3" errors="0" time="1.332">
      <testcase name="OCI Distribution Conformance Tests Pull Setup Populate registry with test blob" classname="OCI Distribution Conformance Tests" time="0.226828041"></testcase>
      <testcase name="OCI Distribution Conformance Tests Pull Setup Populate registry with test layer" classname="OCI Distribution Conformance Tests" time="0.021282167"></testcase>
      <testcase name="OCI Distribution Conformance Tests Pull Setup Populate registry with test manifest" classname="OCI Distribution Conformance Tests" time="0.082733917"></testcase>
      <testcase name="OCI Distribution Conformance Tests Pull Setup Get the name of a tag" classname="OCI Distribution Conformance Tests" time="0.071250875"></testcase>
      <testcase name="OCI Distribution Conformance Tests Pull Setup Get tag name from environment" classname="OCI Distribution Conformance Tests" time="0.00069675">
          <skipped>/Users/idanso/oci-conformance/distribution-spec/conformance/01_pull_test.go:87&#xA;you have skipped this test.&#xA;/Users/idanso/oci-conformance/distribution-spec/conformance/setup.go:353</skipped>
      </testcase>
      <testcase name="OCI Distribution Conformance Tests Pull Pull blobs HEAD request to nonexistent blob should result in 404 response" classname="OCI Distribution Conformance Tests" time="0.030214416"></testcase>
      <testcase name="OCI Distribution Conformance Tests Pull Pull blobs HEAD request to existing blob should yield 200" classname="OCI Distribution Conformance Tests" time="0.007253917"></testcase>
      <testcase name="OCI Distribution Conformance Tests Pull Pull blobs GET nonexistent blob should result in 404 response" classname="OCI Distribution Conformance Tests" time="0.015523625"></testcase>
      <testcase name="OCI Distribution Conformance Tests Pull Pull blobs GET request to existing blob URL should yield 200" classname="OCI Distribution Conformance Tests" time="0.027845417"></testcase>
      <testcase name="OCI Distribution Conformance Tests Pull Pull manifests HEAD request to nonexistent manifest should return 404" classname="OCI Distribution Conformance Tests" time="0.008596"></testcase>
      <testcase name="OCI Distribution Conformance Tests Pull Pull manifests HEAD request to manifest path (digest) should yield 200 response" classname="OCI Distribution Conformance Tests" time="0.015763667"></testcase>
      <testcase name="OCI Distribution Conformance Tests Pull Pull manifests HEAD request to manifest path (tag) should yield 200 response" classname="OCI Distribution Conformance Tests" time="0.010121"></testcase>
      <testcase name="OCI Distribution Conformance Tests Pull Pull manifests GET nonexistent manifest should return 404" classname="OCI Distribution Conformance Tests" time="0.006386417"></testcase>
      <testcase name="OCI Distribution Conformance Tests Pull Pull manifests GET request to manifest path (digest) should yield 200 response" classname="OCI Distribution Conformance Tests" time="0.007970583"></testcase>
      <testcase name="OCI Distribution Conformance Tests Pull Pull manifests GET request to manifest path (tag) should yield 200 response" classname="OCI Distribution Conformance Tests" time="0.007392541"></testcase>
      <testcase name="OCI Distribution Conformance Tests Pull Error codes 400 response body should contain OCI-conforming JSON message" classname="OCI Distribution Conformance Tests" time="0.008567875"></testcase>
      <testcase name="OCI Distribution Conformance Tests Pull Teardown Delete config blob created in setup" classname="OCI Distribution Conformance Tests" time="0.012413"></testcase>
      <testcase name="OCI Distribution Conformance Tests Pull Teardown Delete layer blob created in setup" classname="OCI Distribution Conformance Tests" time="0.004507375"></testcase>
      <testcase name="OCI Distribution Conformance Tests Pull Teardown Delete manifest created in setup" classname="OCI Distribution Conformance Tests" time="0.031906875"></testcase>
      <testcase name="OCI Distribution Conformance Tests Push Blob Upload Streamed PATCH request with blob in body should yield 202 response" classname="OCI Distribution Conformance Tests" time="0.042819458"></testcase>
      <testcase name="OCI Distribution Conformance Tests Push Blob Upload Streamed PUT request to session URL with digest should yield 201 response" classname="OCI Distribution Conformance Tests" time="0.019385583"></testcase>
      <testcase name="OCI Distribution Conformance Tests Push Blob Upload Monolithic GET nonexistent blob should result in 404 response" classname="OCI Distribution Conformance Tests" time="0.010184208"></testcase>
      <testcase name="OCI Distribution Conformance Tests Push Blob Upload Monolithic POST request with digest and blob should yield a 201 or 202" classname="OCI Distribution Conformance Tests" time="0.009762"></testcase>
      <testcase name="OCI Distribution Conformance Tests Push Blob Upload Monolithic GET request to blob URL from prior request should yield 200 or 404 based on response code" classname="OCI Distribution Conformance Tests" time="0.008857792"></testcase>
      <testcase name="OCI Distribution Conformance Tests Push Blob Upload Monolithic POST request should yield a session ID" classname="OCI Distribution Conformance Tests" time="0.0087195"></testcase>
      <testcase name="OCI Distribution Conformance Tests Push Blob Upload Monolithic PUT upload of a blob should yield a 201 Response" classname="OCI Distribution Conformance Tests" time="0.012283958"></testcase>
      <testcase name="OCI Distribution Conformance Tests Push Blob Upload Monolithic GET request to existing blob should yield 200 response" classname="OCI Distribution Conformance Tests" time="0.005933458">
          <failure type="Failure">/Users/idanso/oci-conformance/distribution-spec/conformance/02_push_test.go:116&#xA;Expected&#xA;    &lt;int&gt;: 404&#xA;to equal&#xA;    &lt;int&gt;: 200&#xA;/Users/idanso/oci-conformance/distribution-spec/conformance/02_push_test.go:121</failure>
      </testcase>
      <testcase name="OCI Distribution Conformance Tests Push Blob Upload Monolithic PUT upload of a layer blob should yield a 201 Response" classname="OCI Distribution Conformance Tests" time="0.015312208"></testcase>
      <testcase name="OCI Distribution Conformance Tests Push Blob Upload Monolithic GET request to existing layer should yield 200 response" classname="OCI Distribution Conformance Tests" time="0.005256708">
          <failure type="Failure">/Users/idanso/oci-conformance/distribution-spec/conformance/02_push_test.go:141&#xA;Expected&#xA;    &lt;int&gt;: 404&#xA;to equal&#xA;    &lt;int&gt;: 200&#xA;/Users/idanso/oci-conformance/distribution-spec/conformance/02_push_test.go:146</failure>
      </testcase>
      <testcase name="OCI Distribution Conformance Tests Push Blob Upload Chunked Out-of-order blob upload should return 416" classname="OCI Distribution Conformance Tests" time="0.010038041"></testcase>
      <testcase name="OCI Distribution Conformance Tests Push Blob Upload Chunked PATCH request with first chunk should return 202" classname="OCI Distribution Conformance Tests" time="0.014119375"></testcase>
      <testcase name="OCI Distribution Conformance Tests Push Blob Upload Chunked PUT request with final chunk should return 201" classname="OCI Distribution Conformance Tests" time="0.011553333"></testcase>
      <testcase name="OCI Distribution Conformance Tests Push Cross-Repository Blob Mount Cross-mounting of a blob without the from argument should yield session id" classname="OCI Distribution Conformance Tests" time="0.006629708"></testcase>
      <testcase name="OCI Distribution Conformance Tests Push Cross-Repository Blob Mount POST request to mount another repository&#39;s blob should return 201 or 202" classname="OCI Distribution Conformance Tests" time="0.008297792"></testcase>
      <testcase name="OCI Distribution Conformance Tests Push Cross-Repository Blob Mount GET request to test digest within cross-mount namespace should return 200" classname="OCI Distribution Conformance Tests" time="0.000125125">
          <skipped>/Users/idanso/oci-conformance/distribution-spec/conformance/02_push_test.go:235&#xA;you have skipped this test.&#xA;/Users/idanso/oci-conformance/distribution-spec/conformance/setup.go:347</skipped>
      </testcase>
      <testcase name="OCI Distribution Conformance Tests Push Cross-Repository Blob Mount Cross-mounting of nonexistent blob should yield session id" classname="OCI Distribution Conformance Tests" time="2.5e-06"></testcase>
      <testcase name="OCI Distribution Conformance Tests Push Cross-Repository Blob Mount Cross-mounting without from, and automatic content discovery enabled should return a 201" classname="OCI Distribution Conformance Tests" time="0.00010225">
          <skipped>/Users/idanso/oci-conformance/distribution-spec/conformance/02_push_test.go:253&#xA;you have skipped this test.&#xA;/Users/idanso/oci-conformance/distribution-spec/conformance/setup.go:347</skipped>
      </testcase>
      <testcase name="OCI Distribution Conformance Tests Push Cross-Repository Blob Mount Cross-mounting without from, and automatic content discovery disabled should return a 202" classname="OCI Distribution Conformance Tests" time="9.6458e-05">
          <skipped>/Users/idanso/oci-conformance/distribution-spec/conformance/02_push_test.go:267&#xA;you have skipped this test.&#xA;/Users/idanso/oci-conformance/distribution-spec/conformance/setup.go:347</skipped>
      </testcase>
      <testcase name="OCI Distribution Conformance Tests Push Manifest Upload GET nonexistent manifest should return 404" classname="OCI Distribution Conformance Tests" time="0.005405625"></testcase>
      <testcase name="OCI Distribution Conformance Tests Push Manifest Upload PUT should accept a manifest upload" classname="OCI Distribution Conformance Tests" time="0.091841916"></testcase>
      <testcase name="OCI Distribution Conformance Tests Push Manifest Upload Registry should accept a manifest upload with no layers" classname="OCI Distribution Conformance Tests" time="0.023386042"></testcase>
      <testcase name="OCI Distribution Conformance Tests Push Manifest Upload GET request to manifest URL (digest) should yield 200 response" classname="OCI Distribution Conformance Tests" time="0.009409459"></testcase>
      <testcase name="OCI Distribution Conformance Tests Push Teardown Delete config blob created in tests" classname="OCI Distribution Conformance Tests" time="0.004352417"></testcase>
      <testcase name="OCI Distribution Conformance Tests Push Teardown Delete layer blob created in setup" classname="OCI Distribution Conformance Tests" time="0.003590333"></testcase>
      <testcase name="OCI Distribution Conformance Tests Push Teardown Delete manifest created in tests" classname="OCI Distribution Conformance Tests" time="0.055349958"></testcase>
      <testcase name="OCI Distribution Conformance Tests Content Discovery Setup Populate registry with test blob" classname="OCI Distribution Conformance Tests" time="0.020780583"></testcase>
      <testcase name="OCI Distribution Conformance Tests Content Discovery Setup Populate registry with test layer" classname="OCI Distribution Conformance Tests" time="0.020031167"></testcase>
      <testcase name="OCI Distribution Conformance Tests Content Discovery Setup Populate registry with test tags" classname="OCI Distribution Conformance Tests" time="0.099194125"></testcase>
      <testcase name="OCI Distribution Conformance Tests Content Discovery Setup Populate registry with test tags (no push)" classname="OCI Distribution Conformance Tests" time="0.000131458">
          <skipped>/Users/idanso/oci-conformance/distribution-spec/conformance/03_discovery_test.go:80&#xA;you have skipped this test.&#xA;/Users/idanso/oci-conformance/distribution-spec/conformance/setup.go:353</skipped>
      </testcase>
      <testcase name="OCI Distribution Conformance Tests Content Discovery Test content discovery endpoints GET request to list tags should yield 200 response" classname="OCI Distribution Conformance Tests" time="0.005305"></testcase>
      <testcase name="OCI Distribution Conformance Tests Content Discovery Test content discovery endpoints GET number of tags should be limitable by `n` query parameter" classname="OCI Distribution Conformance Tests" time="0.0058355"></testcase>
      <testcase name="OCI Distribution Conformance Tests Content Discovery Test content discovery endpoints GET start of tag is set by `last` query parameter" classname="OCI Distribution Conformance Tests" time="0.015011"></testcase>
      <testcase name="OCI Distribution Conformance Tests Content Discovery Teardown Delete config blob created in tests" classname="OCI Distribution Conformance Tests" time="0.005759792"></testcase>
      <testcase name="OCI Distribution Conformance Tests Content Discovery Teardown Delete layer blob created in setup" classname="OCI Distribution Conformance Tests" time="0.003949"></testcase>
      <testcase name="OCI Distribution Conformance Tests Content Discovery Teardown Delete created manifest &amp; associated tags" classname="OCI Distribution Conformance Tests" time="0.057194209"></testcase>
      <testcase name="OCI Distribution Conformance Tests Content Management Setup Populate registry with test config blob" classname="OCI Distribution Conformance Tests" time="0.019048708"></testcase>
      <testcase name="OCI Distribution Conformance Tests Content Management Setup Populate registry with test layer" classname="OCI Distribution Conformance Tests" time="0.015869292"></testcase>
      <testcase name="OCI Distribution Conformance Tests Content Management Setup Populate registry with test tag" classname="OCI Distribution Conformance Tests" time="0.02254625"></testcase>
      <testcase name="OCI Distribution Conformance Tests Content Management Setup Check how many tags there are before anything gets deleted" classname="OCI Distribution Conformance Tests" time="0.008524709"></testcase>
      <testcase name="OCI Distribution Conformance Tests Content Management Manifest delete DELETE request to manifest tag should return 202, unless tag deletion is disallowed (400/405)" classname="OCI Distribution Conformance Tests" time="0.01841675"></testcase>
      <testcase name="OCI Distribution Conformance Tests Content Management Manifest delete DELETE request to manifest (digest) should yield 202 response unless already deleted" classname="OCI Distribution Conformance Tests" time="0.006927667"></testcase>
      <testcase name="OCI Distribution Conformance Tests Content Management Manifest delete GET request to deleted manifest URL should yield 404 response, unless delete is disallowed" classname="OCI Distribution Conformance Tests" time="0.006154708"></testcase>
      <testcase name="OCI Distribution Conformance Tests Content Management Manifest delete GET request to tags list should reflect manifest deletion" classname="OCI Distribution Conformance Tests" time="0.008977208"></testcase>
      <testcase name="OCI Distribution Conformance Tests Content Management Blob delete DELETE request to blob URL should yield 202 response" classname="OCI Distribution Conformance Tests" time="0.004368458">
          <failure type="Failure">/Users/idanso/oci-conformance/distribution-spec/conformance/04_management_test.go:143&#xA;Expected&#xA;    &lt;int&gt;: 405&#xA;to equal&#xA;    &lt;int&gt;: 202&#xA;/Users/idanso/oci-conformance/distribution-spec/conformance/04_management_test.go:150</failure>
      </testcase>
      <testcase name="OCI Distribution Conformance Tests Content Management Blob delete GET request to deleted blob URL should yield 404 response" classname="OCI Distribution Conformance Tests" time="0.005398833"></testcase>
  </testsuite>