<?xml version="1.0" encoding="UTF-8"?>
  <testsuites tests="80" disabled="6" errors="0" failures="0" time="2.836215292">
      <testsuite name="conformance tests" package="/Users/igorg/projects/distribution-spec/conformance" tests="80" disabled="0" skipped="6" errors="0" failures="0" time="2.836215292" timestamp="2024-08-05T13:03:39">
          <properties>
              <property name="SuiteSucceeded" value="true"></property>
              <property name="SuiteHasProgrammaticFocus" value="false"></property>
              <property name="SpecialSuiteFailureReason" value=""></property>
              <property name="SuiteLabels" value="[]"></property>
              <property name="RandomSeed" value="1722852219"></property>
              <property name="RandomizeAllSpecs" value="false"></property>
              <property name="LabelFilter" value=""></property>
              <property name="FocusStrings" value=""></property>
              <property name="SkipStrings" value=""></property>
              <property name="FocusFiles" value=""></property>
              <property name="SkipFiles" value=""></property>
              <property name="FailOnPending" value="false"></property>
              <property name="FailFast" value="false"></property>
              <property name="FlakeAttempts" value="0"></property>
              <property name="DryRun" value="false"></property>
              <property name="ParallelTotal" value="1"></property>
              <property name="OutputInterceptorMode" value=""></property>
          </properties>
          <testcase name="OCI Distribution Conformance Tests Pull Setup Populate registry with test blob" classname="conformance tests" status="passed" time="0.0605435">
              <system-err>&gt; Enter [It] Populate registry with test blob - /Users/igorg/projects/distribution-spec/conformance/01_pull_test.go:18 @ 08/05/24 13:03:39.04&#xA;&lt; Exit [It] Populate registry with test blob - /Users/igorg/projects/distribution-spec/conformance/01_pull_test.go:18 @ 08/05/24 13:03:39.1 (61ms)&#xA;&gt; Enter [ReportAfterEach] TOP-LEVEL - /Users/igorg/projects/distribution-spec/conformance/00_conformance_suite_test.go:23 @ 08/05/24 13:03:39.1&#xA;&lt; Exit [ReportAfterEach] TOP-LEVEL - /Users/igorg/projects/distribution-spec/conformance/00_conformance_suite_test.go:23 @ 08/05/24 13:03:39.1 (0s)&#xA;</system-err>
          </testcase>
          <testcase name="OCI Distribution Conformance Tests Pull Setup Populate registry with test blob" classname="conformance tests" status="passed" time="0.036901917">
              <system-err>&gt; Enter [It] Populate registry with test blob - /Users/igorg/projects/distribution-spec/conformance/01_pull_test.go:36 @ 08/05/24 13:03:39.1&#xA;&lt; Exit [It] Populate registry with test blob - /Users/igorg/projects/distribution-spec/conformance/01_pull_test.go:36 @ 08/05/24 13:03:39.137 (37ms)&#xA;&gt; Enter [ReportAfterEach] TOP-LEVEL - /Users/igorg/projects/distribution-spec/conformance/00_conformance_suite_test.go:23 @ 08/05/24 13:03:39.137&#xA;&lt; Exit [ReportAfterEach] TOP-LEVEL - /Users/igorg/projects/distribution-spec/conformance/00_conformance_suite_test.go:23 @ 08/05/24 13:03:39.137 (0s)&#xA;</system-err>
          </testcase>
          <testcase name="OCI Distribution Conformance Tests Pull Setup Populate registry with test layer" classname="conformance tests" status="passed" time="0.039984">
              <system-err>&gt; Enter [It] Populate registry with test layer - /Users/igorg/projects/distribution-spec/conformance/01_pull_test.go:54 @ 08/05/24 13:03:39.137&#xA;&lt; Exit [It] Populate registry with test layer - /Users/igorg/projects/distribution-spec/conformance/01_pull_test.go:54 @ 08/05/24 13:03:39.177 (40ms)&#xA;&gt; Enter [ReportAfterEach] TOP-LEVEL - /Users/igorg/projects/distribution-spec/conformance/00_conformance_suite_test.go:23 @ 08/05/24 13:03:39.177&#xA;&lt; Exit [ReportAfterEach] TOP-LEVEL - /Users/igorg/projects/distribution-spec/conformance/00_conformance_suite_test.go:23 @ 08/05/24 13:03:39.177 (0s)&#xA;</system-err>
          </testcase>
          <testcase name="OCI Distribution Conformance Tests Pull Setup Populate registry with test manifest" classname="conformance tests" status="passed" time="0.05775025">
              <system-err>&gt; Enter [It] Populate registry with test manifest - /Users/igorg/projects/distribution-spec/conformance/01_pull_test.go:72 @ 08/05/24 13:03:39.177&#xA;&lt; Exit [It] Populate registry with test manifest - /Users/igorg/projects/distribution-spec/conformance/01_pull_test.go:72 @ 08/05/24 13:03:39.235 (58ms)&#xA;&gt; Enter [ReportAfterEach] TOP-LEVEL - /Users/igorg/projects/distribution-spec/conformance/00_conformance_suite_test.go:23 @ 08/05/24 13:03:39.235&#xA;&lt; Exit [ReportAfterEach] TOP-LEVEL - /Users/igorg/projects/distribution-spec/conformance/00_conformance_suite_test.go:23 @ 08/05/24 13:03:39.235 (0s)&#xA;</system-err>
          </testcase>
          <testcase name="OCI Distribution Conformance Tests Pull Setup Populate registry with test manifest" classname="conformance tests" status="passed" time="0.057903708">
              <system-err>&gt; Enter [It] Populate registry with test manifest - /Users/igorg/projects/distribution-spec/conformance/01_pull_test.go:87 @ 08/05/24 13:03:39.235&#xA;&lt; Exit [It] Populate registry with test manifest - /Users/igorg/projects/distribution-spec/conformance/01_pull_test.go:87 @ 08/05/24 13:03:39.293 (58ms)&#xA;&gt; Enter [ReportAfterEach] TOP-LEVEL - /Users/igorg/projects/distribution-spec/conformance/00_conformance_suite_test.go:23 @ 08/05/24 13:03:39.293&#xA;&lt; Exit [ReportAfterEach] TOP-LEVEL - /Users/igorg/projects/distribution-spec/conformance/00_conformance_suite_test.go:23 @ 08/05/24 13:03:39.293 (0s)&#xA;</system-err>
          </testcase>
          <testcase name="OCI Distribution Conformance Tests Pull Setup Get tag name from environment" classname="conformance tests" status="skipped" time="0.000249959">
              <skipped message="skipped - you have skipped this test."></skipped>
              <system-err>&gt; Enter [It] Get tag name from environment - /Users/igorg/projects/distribution-spec/conformance/01_pull_test.go:101 @ 08/05/24 13:03:39.293&#xA;[SKIPPED] you have skipped this test.&#xA;In [It] at: /Users/igorg/projects/distribution-spec/conformance/setup.go:591 @ 08/05/24 13:03:39.293&#xA;&lt; Exit [It] Get tag name from environment - /Users/igorg/projects/distribution-spec/conformance/01_pull_test.go:101 @ 08/05/24 13:03:39.293 (0s)&#xA;&gt; Enter [ReportAfterEach] TOP-LEVEL - /Users/igorg/projects/distribution-spec/conformance/00_conformance_suite_test.go:23 @ 08/05/24 13:03:39.293&#xA;&lt; Exit [ReportAfterEach] TOP-LEVEL - /Users/igorg/projects/distribution-spec/conformance/00_conformance_suite_test.go:23 @ 08/05/24 13:03:39.293 (0s)&#xA;</system-err>
          </testcase>
          <testcase name="OCI Distribution Conformance Tests Pull Pull blobs HEAD request to nonexistent blob should result in 404 response" classname="conformance tests" status="passed" time="0.016193">
              <system-err>&gt; Enter [It] HEAD request to nonexistent blob should result in 404 response - /Users/igorg/projects/distribution-spec/conformance/01_pull_test.go:112 @ 08/05/24 13:03:39.293&#xA;&lt; Exit [It] HEAD request to nonexistent blob should result in 404 response - /Users/igorg/projects/distribution-spec/conformance/01_pull_test.go:112 @ 08/05/24 13:03:39.309 (16ms)&#xA;&gt; Enter [ReportAfterEach] TOP-LEVEL - /Users/igorg/projects/distribution-spec/conformance/00_conformance_suite_test.go:23 @ 08/05/24 13:03:39.309&#xA;&lt; Exit [ReportAfterEach] TOP-LEVEL - /Users/igorg/projects/distribution-spec/conformance/00_conformance_suite_test.go:23 @ 08/05/24 13:03:39.309 (0s)&#xA;</system-err>
          </testcase>
          <testcase name="OCI Distribution Conformance Tests Pull Pull blobs HEAD request to existing blob should yield 200" classname="conformance tests" status="passed" time="0.007086875">
              <system-err>&gt; Enter [It] HEAD request to existing blob should yield 200 - /Users/igorg/projects/distribution-spec/conformance/01_pull_test.go:121 @ 08/05/24 13:03:39.31&#xA;&lt; Exit [It] HEAD request to existing blob should yield 200 - /Users/igorg/projects/distribution-spec/conformance/01_pull_test.go:121 @ 08/05/24 13:03:39.317 (7ms)&#xA;&gt; Enter [ReportAfterEach] TOP-LEVEL - /Users/igorg/projects/distribution-spec/conformance/00_conformance_suite_test.go:23 @ 08/05/24 13:03:39.317&#xA;&lt; Exit [ReportAfterEach] TOP-LEVEL - /Users/igorg/projects/distribution-spec/conformance/00_conformance_suite_test.go:23 @ 08/05/24 13:03:39.317 (0s)&#xA;</system-err>
          </testcase>
          <testcase name="OCI Distribution Conformance Tests Pull Pull blobs GET nonexistent blob should result in 404 response" classname="conformance tests" status="passed" time="0.007003792">
              <system-err>&gt; Enter [It] GET nonexistent blob should result in 404 response - /Users/igorg/projects/distribution-spec/conformance/01_pull_test.go:133 @ 08/05/24 13:03:39.317&#xA;&lt; Exit [It] GET nonexistent blob should result in 404 response - /Users/igorg/projects/distribution-spec/conformance/01_pull_test.go:133 @ 08/05/24 13:03:39.324 (7ms)&#xA;&gt; Enter [ReportAfterEach] TOP-LEVEL - /Users/igorg/projects/distribution-spec/conformance/00_conformance_suite_test.go:23 @ 08/05/24 13:03:39.324&#xA;&lt; Exit [ReportAfterEach] TOP-LEVEL - /Users/igorg/projects/distribution-spec/conformance/00_conformance_suite_test.go:23 @ 08/05/24 13:03:39.324 (0s)&#xA;</system-err>
          </testcase>
          <testcase name="OCI Distribution Conformance Tests Pull Pull blobs GET request to existing blob URL should yield 200" classname="conformance tests" status="passed" time="0.014925">
              <system-err>&gt; Enter [It] GET request to existing blob URL should yield 200 - /Users/igorg/projects/distribution-spec/conformance/01_pull_test.go:142 @ 08/05/24 13:03:39.324&#xA;&lt; Exit [It] GET request to existing blob URL should yield 200 - /Users/igorg/projects/distribution-spec/conformance/01_pull_test.go:142 @ 08/05/24 13:03:39.339 (15ms)&#xA;&gt; Enter [ReportAfterEach] TOP-LEVEL - /Users/igorg/projects/distribution-spec/conformance/00_conformance_suite_test.go:23 @ 08/05/24 13:03:39.339&#xA;&lt; Exit [ReportAfterEach] TOP-LEVEL - /Users/igorg/projects/distribution-spec/conformance/00_conformance_suite_test.go:23 @ 08/05/24 13:03:39.339 (0s)&#xA;</system-err>
          </testcase>
          <testcase name="OCI Distribution Conformance Tests Pull Pull manifests HEAD request to nonexistent manifest should return 404" classname="conformance tests" status="passed" time="0.007436792">
              <system-err>&gt; Enter [It] HEAD request to nonexistent manifest should return 404 - /Users/igorg/projects/distribution-spec/conformance/01_pull_test.go:152 @ 08/05/24 13:03:39.339&#xA;&lt; Exit [It] HEAD request to nonexistent manifest should return 404 - /Users/igorg/projects/distribution-spec/conformance/01_pull_test.go:152 @ 08/05/24 13:03:39.346 (7ms)&#xA;&gt; Enter [ReportAfterEach] TOP-LEVEL - /Users/igorg/projects/distribution-spec/conformance/00_conformance_suite_test.go:23 @ 08/05/24 13:03:39.346&#xA;&lt; Exit [ReportAfterEach] TOP-LEVEL - /Users/igorg/projects/distribution-spec/conformance/00_conformance_suite_test.go:23 @ 08/05/24 13:03:39.346 (0s)&#xA;</system-err>
          </testcase>
          <testcase name="OCI Distribution Conformance Tests Pull Pull manifests HEAD request to manifest[0] path (digest) should yield 200 response" classname="conformance tests" status="passed" time="0.011604">
              <system-err>&gt; Enter [It] HEAD request to manifest[0] path (digest) should yield 200 response - /Users/igorg/projects/distribution-spec/conformance/01_pull_test.go:161 @ 08/05/24 13:03:39.346&#xA;&lt; Exit [It] HEAD request to manifest[0] path (digest) should yield 200 response - /Users/igorg/projects/distribution-spec/conformance/01_pull_test.go:161 @ 08/05/24 13:03:39.358 (12ms)&#xA;&gt; Enter [ReportAfterEach] TOP-LEVEL - /Users/igorg/projects/distribution-spec/conformance/00_conformance_suite_test.go:23 @ 08/05/24 13:03:39.358&#xA;&lt; Exit [ReportAfterEach] TOP-LEVEL - /Users/igorg/projects/distribution-spec/conformance/00_conformance_suite_test.go:23 @ 08/05/24 13:03:39.358 (0s)&#xA;</system-err>
          </testcase>
          <testcase name="OCI Distribution Conformance Tests Pull Pull manifests HEAD request to manifest[1] path (digest) should yield 200 response" classname="conformance tests" status="passed" time="0.011538375">
              <system-err>&gt; Enter [It] HEAD request to manifest[1] path (digest) should yield 200 response - /Users/igorg/projects/distribution-spec/conformance/01_pull_test.go:173 @ 08/05/24 13:03:39.358&#xA;&lt; Exit [It] HEAD request to manifest[1] path (digest) should yield 200 response - /Users/igorg/projects/distribution-spec/conformance/01_pull_test.go:173 @ 08/05/24 13:03:39.369 (12ms)&#xA;&gt; Enter [ReportAfterEach] TOP-LEVEL - /Users/igorg/projects/distribution-spec/conformance/00_conformance_suite_test.go:23 @ 08/05/24 13:03:39.369&#xA;&lt; Exit [ReportAfterEach] TOP-LEVEL - /Users/igorg/projects/distribution-spec/conformance/00_conformance_suite_test.go:23 @ 08/05/24 13:03:39.369 (0s)&#xA;</system-err>
          </testcase>
          <testcase name="OCI Distribution Conformance Tests Pull Pull manifests HEAD request to manifest path (tag) should yield 200 response" classname="conformance tests" status="passed" time="0.011887708">
              <system-err>&gt; Enter [It] HEAD request to manifest path (tag) should yield 200 response - /Users/igorg/projects/distribution-spec/conformance/01_pull_test.go:185 @ 08/05/24 13:03:39.369&#xA;&lt; Exit [It] HEAD request to manifest path (tag) should yield 200 response - /Users/igorg/projects/distribution-spec/conformance/01_pull_test.go:185 @ 08/05/24 13:03:39.381 (12ms)&#xA;&gt; Enter [ReportAfterEach] TOP-LEVEL - /Users/igorg/projects/distribution-spec/conformance/00_conformance_suite_test.go:23 @ 08/05/24 13:03:39.381&#xA;&lt; Exit [ReportAfterEach] TOP-LEVEL - /Users/igorg/projects/distribution-spec/conformance/00_conformance_suite_test.go:23 @ 08/05/24 13:03:39.381 (0s)&#xA;</system-err>
          </testcase>
          <testcase name="OCI Distribution Conformance Tests Pull Pull manifests GET nonexistent manifest should return 404" classname="conformance tests" status="passed" time="0.007720584">
              <system-err>&gt; Enter [It] GET nonexistent manifest should return 404 - /Users/igorg/projects/distribution-spec/conformance/01_pull_test.go:198 @ 08/05/24 13:03:39.381&#xA;&lt; Exit [It] GET nonexistent manifest should return 404 - /Users/igorg/projects/distribution-spec/conformance/01_pull_test.go:198 @ 08/05/24 13:03:39.389 (8ms)&#xA;&gt; Enter [ReportAfterEach] TOP-LEVEL - /Users/igorg/projects/distribution-spec/conformance/00_conformance_suite_test.go:23 @ 08/05/24 13:03:39.389&#xA;&lt; Exit [ReportAfterEach] TOP-LEVEL - /Users/igorg/projects/distribution-spec/conformance/00_conformance_suite_test.go:23 @ 08/05/24 13:03:39.389 (0s)&#xA;</system-err>
          </testcase>
          <testcase name="OCI Distribution Conformance Tests Pull Pull manifests GET request to manifest[0] path (digest) should yield 200 response" classname="conformance tests" status="passed" time="0.011531834">
              <system-err>&gt; Enter [It] GET request to manifest[0] path (digest) should yield 200 response - /Users/igorg/projects/distribution-spec/conformance/01_pull_test.go:207 @ 08/05/24 13:03:39.389&#xA;&lt; Exit [It] GET request to manifest[0] path (digest) should yield 200 response - /Users/igorg/projects/distribution-spec/conformance/01_pull_test.go:207 @ 08/05/24 13:03:39.401 (12ms)&#xA;&gt; Enter [ReportAfterEach] TOP-LEVEL - /Users/igorg/projects/distribution-spec/conformance/00_conformance_suite_test.go:23 @ 08/05/24 13:03:39.401&#xA;&lt; Exit [ReportAfterEach] TOP-LEVEL - /Users/igorg/projects/distribution-spec/conformance/00_conformance_suite_test.go:23 @ 08/05/24 13:03:39.401 (0s)&#xA;</system-err>
          </testcase>
          <testcase name="OCI Distribution Conformance Tests Pull Pull manifests GET request to manifest[1] path (digest) should yield 200 response" classname="conformance tests" status="passed" time="0.012693125">
              <system-err>&gt; Enter [It] GET request to manifest[1] path (digest) should yield 200 response - /Users/igorg/projects/distribution-spec/conformance/01_pull_test.go:216 @ 08/05/24 13:03:39.401&#xA;&lt; Exit [It] GET request to manifest[1] path (digest) should yield 200 response - /Users/igorg/projects/distribution-spec/conformance/01_pull_test.go:216 @ 08/05/24 13:03:39.413 (13ms)&#xA;&gt; Enter [ReportAfterEach] TOP-LEVEL - /Users/igorg/projects/distribution-spec/conformance/00_conformance_suite_test.go:23 @ 08/05/24 13:03:39.413&#xA;&lt; Exit [ReportAfterEach] TOP-LEVEL - /Users/igorg/projects/distribution-spec/conformance/00_conformance_suite_test.go:23 @ 08/05/24 13:03:39.414 (0s)&#xA;</system-err>
          </testcase>
          <testcase name="OCI Distribution Conformance Tests Pull Pull manifests GET request to manifest path (tag) should yield 200 response" classname="conformance tests" status="passed" time="0.012109833">
              <system-err>&gt; Enter [It] GET request to manifest path (tag) should yield 200 response - /Users/igorg/projects/distribution-spec/conformance/01_pull_test.go:225 @ 08/05/24 13:03:39.414&#xA;&lt; Exit [It] GET request to manifest path (tag) should yield 200 response - /Users/igorg/projects/distribution-spec/conformance/01_pull_test.go:225 @ 08/05/24 13:03:39.426 (12ms)&#xA;&gt; Enter [ReportAfterEach] TOP-LEVEL - /Users/igorg/projects/distribution-spec/conformance/00_conformance_suite_test.go:23 @ 08/05/24 13:03:39.426&#xA;&lt; Exit [ReportAfterEach] TOP-LEVEL - /Users/igorg/projects/distribution-spec/conformance/00_conformance_suite_test.go:23 @ 08/05/24 13:03:39.426 (0s)&#xA;</system-err>
          </testcase>
          <testcase name="OCI Distribution Conformance Tests Pull Error codes 400 response body should contain OCI-conforming JSON message" classname="conformance tests" status="passed" time="0.007675542">
              <system-err>&gt; Enter [It] 400 response body should contain OCI-conforming JSON message - /Users/igorg/projects/distribution-spec/conformance/01_pull_test.go:237 @ 08/05/24 13:03:39.426&#xA;&lt; Exit [It] 400 response body should contain OCI-conforming JSON message - /Users/igorg/projects/distribution-spec/conformance/01_pull_test.go:237 @ 08/05/24 13:03:39.433 (8ms)&#xA;&gt; Enter [ReportAfterEach] TOP-LEVEL - /Users/igorg/projects/distribution-spec/conformance/00_conformance_suite_test.go:23 @ 08/05/24 13:03:39.433&#xA;&lt; Exit [ReportAfterEach] TOP-LEVEL - /Users/igorg/projects/distribution-spec/conformance/00_conformance_suite_test.go:23 @ 08/05/24 13:03:39.433 (0s)&#xA;</system-err>
          </testcase>
          <testcase name="OCI Distribution Conformance Tests Pull Teardown Delete manifest[0] created in setup" classname="conformance tests" status="passed" time="0.067316916">
              <system-err>&gt; Enter [It] Delete manifest[0] created in setup - /Users/igorg/projects/distribution-spec/conformance/01_pull_test.go:260 @ 08/05/24 13:03:39.433&#xA;&lt; Exit [It] Delete manifest[0] created in setup - /Users/igorg/projects/distribution-spec/conformance/01_pull_test.go:260 @ 08/05/24 13:03:39.501 (67ms)&#xA;&gt; Enter [ReportAfterEach] TOP-LEVEL - /Users/igorg/projects/distribution-spec/conformance/00_conformance_suite_test.go:23 @ 08/05/24 13:03:39.501&#xA;&lt; Exit [ReportAfterEach] TOP-LEVEL - /Users/igorg/projects/distribution-spec/conformance/00_conformance_suite_test.go:23 @ 08/05/24 13:03:39.501 (0s)&#xA;</system-err>
          </testcase>
          <testcase name="OCI Distribution Conformance Tests Pull Teardown Delete manifest[1] created in setup" classname="conformance tests" status="passed" time="0.052637292">
              <system-err>&gt; Enter [It] Delete manifest[1] created in setup - /Users/igorg/projects/distribution-spec/conformance/01_pull_test.go:274 @ 08/05/24 13:03:39.501&#xA;&lt; Exit [It] Delete manifest[1] created in setup - /Users/igorg/projects/distribution-spec/conformance/01_pull_test.go:274 @ 08/05/24 13:03:39.554 (53ms)&#xA;&gt; Enter [ReportAfterEach] TOP-LEVEL - /Users/igorg/projects/distribution-spec/conformance/00_conformance_suite_test.go:23 @ 08/05/24 13:03:39.554&#xA;&lt; Exit [ReportAfterEach] TOP-LEVEL - /Users/igorg/projects/distribution-spec/conformance/00_conformance_suite_test.go:23 @ 08/05/24 13:03:39.554 (0s)&#xA;</system-err>
          </testcase>
          <testcase name="OCI Distribution Conformance Tests Pull Teardown Delete config[0] blob created in setup" classname="conformance tests" status="passed" time="0.006469584">
              <system-err>&gt; Enter [It] Delete config[0] blob created in setup - /Users/igorg/projects/distribution-spec/conformance/01_pull_test.go:290 @ 08/05/24 13:03:39.554&#xA;&lt; Exit [It] Delete config[0] blob created in setup - /Users/igorg/projects/distribution-spec/conformance/01_pull_test.go:290 @ 08/05/24 13:03:39.56 (6ms)&#xA;&gt; Enter [ReportAfterEach] TOP-LEVEL - /Users/igorg/projects/distribution-spec/conformance/00_conformance_suite_test.go:23 @ 08/05/24 13:03:39.56&#xA;&lt; Exit [ReportAfterEach] TOP-LEVEL - /Users/igorg/projects/distribution-spec/conformance/00_conformance_suite_test.go:23 @ 08/05/24 13:03:39.56 (0s)&#xA;</system-err>
          </testcase>
          <testcase name="OCI Distribution Conformance Tests Pull Teardown Delete config[1] blob created in setup" classname="conformance tests" status="passed" time="0.008490458">
              <system-err>&gt; Enter [It] Delete config[1] blob created in setup - /Users/igorg/projects/distribution-spec/conformance/01_pull_test.go:304 @ 08/05/24 13:03:39.56&#xA;&lt; Exit [It] Delete config[1] blob created in setup - /Users/igorg/projects/distribution-spec/conformance/01_pull_test.go:304 @ 08/05/24 13:03:39.569 (8ms)&#xA;&gt; Enter [ReportAfterEach] TOP-LEVEL - /Users/igorg/projects/distribution-spec/conformance/00_conformance_suite_test.go:23 @ 08/05/24 13:03:39.569&#xA;&lt; Exit [ReportAfterEach] TOP-LEVEL - /Users/igorg/projects/distribution-spec/conformance/00_conformance_suite_test.go:23 @ 08/05/24 13:03:39.569 (1ms)&#xA;</system-err>
          </testcase>
          <testcase name="OCI Distribution Conformance Tests Pull Teardown Delete layer blob created in setup" classname="conformance tests" status="passed" time="0.0086795">
              <system-err>&gt; Enter [It] Delete layer blob created in setup - /Users/igorg/projects/distribution-spec/conformance/01_pull_test.go:319 @ 08/05/24 13:03:39.57&#xA;&lt; Exit [It] Delete layer blob created in setup - /Users/igorg/projects/distribution-spec/conformance/01_pull_test.go:319 @ 08/05/24 13:03:39.578 (9ms)&#xA;&gt; Enter [ReportAfterEach] TOP-LEVEL - /Users/igorg/projects/distribution-spec/conformance/00_conformance_suite_test.go:23 @ 08/05/24 13:03:39.578&#xA;&lt; Exit [ReportAfterEach] TOP-LEVEL - /Users/igorg/projects/distribution-spec/conformance/00_conformance_suite_test.go:23 @ 08/05/24 13:03:39.578 (0s)&#xA;</system-err>
          </testcase>
          <testcase name="OCI Distribution Conformance Tests Push Blob Upload Streamed PATCH request with blob in body should yield 202 response" classname="conformance tests" status="passed" time="0.032017584">
              <system-err>&gt; Enter [It] PATCH request with blob in body should yield 202 response - /Users/igorg/projects/distribution-spec/conformance/02_push_test.go:25 @ 08/05/24 13:03:39.578&#xA;&lt; Exit [It] PATCH request with blob in body should yield 202 response - /Users/igorg/projects/distribution-spec/conformance/02_push_test.go:25 @ 08/05/24 13:03:39.61 (32ms)&#xA;&gt; Enter [ReportAfterEach] TOP-LEVEL - /Users/igorg/projects/distribution-spec/conformance/00_conformance_suite_test.go:23 @ 08/05/24 13:03:39.61&#xA;&lt; Exit [ReportAfterEach] TOP-LEVEL - /Users/igorg/projects/distribution-spec/conformance/00_conformance_suite_test.go:23 @ 08/05/24 13:03:39.61 (0s)&#xA;</system-err>
          </testcase>
          <testcase name="OCI Distribution Conformance Tests Push Blob Upload Streamed PUT request to session URL with digest should yield 201 response" classname="conformance tests" status="passed" time="0.034998334">
              <system-err>&gt; Enter [It] PUT request to session URL with digest should yield 201 response - /Users/igorg/projects/distribution-spec/conformance/02_push_test.go:42 @ 08/05/24 13:03:39.61&#xA;&lt; Exit [It] PUT request to session URL with digest should yield 201 response - /Users/igorg/projects/distribution-spec/conformance/02_push_test.go:42 @ 08/05/24 13:03:39.645 (35ms)&#xA;&gt; Enter [ReportAfterEach] TOP-LEVEL - /Users/igorg/projects/distribution-spec/conformance/00_conformance_suite_test.go:23 @ 08/05/24 13:03:39.645&#xA;&lt; Exit [ReportAfterEach] TOP-LEVEL - /Users/igorg/projects/distribution-spec/conformance/00_conformance_suite_test.go:23 @ 08/05/24 13:03:39.646 (0s)&#xA;</system-err>
          </testcase>
          <testcase name="OCI Distribution Conformance Tests Push Blob Upload Monolithic GET nonexistent blob should result in 404 response" classname="conformance tests" status="passed" time="0.02219325">
              <system-err>&gt; Enter [It] GET nonexistent blob should result in 404 response - /Users/igorg/projects/distribution-spec/conformance/02_push_test.go:58 @ 08/05/24 13:03:39.646&#xA;&lt; Exit [It] GET nonexistent blob should result in 404 response - /Users/igorg/projects/distribution-spec/conformance/02_push_test.go:58 @ 08/05/24 13:03:39.668 (22ms)&#xA;&gt; Enter [ReportAfterEach] TOP-LEVEL - /Users/igorg/projects/distribution-spec/conformance/00_conformance_suite_test.go:23 @ 08/05/24 13:03:39.668&#xA;&lt; Exit [ReportAfterEach] TOP-LEVEL - /Users/igorg/projects/distribution-spec/conformance/00_conformance_suite_test.go:23 @ 08/05/24 13:03:39.668 (0s)&#xA;</system-err>
          </testcase>
          <testcase name="OCI Distribution Conformance Tests Push Blob Upload Monolithic POST request with digest and blob should yield a 201 or 202" classname="conformance tests" status="passed" time="0.031389458">
              <system-err>&gt; Enter [It] POST request with digest and blob should yield a 201 or 202 - /Users/igorg/projects/distribution-spec/conformance/02_push_test.go:67 @ 08/05/24 13:03:39.668&#xA;&lt; Exit [It] POST request with digest and blob should yield a 201 or 202 - /Users/igorg/projects/distribution-spec/conformance/02_push_test.go:67 @ 08/05/24 13:03:39.699 (31ms)&#xA;&gt; Enter [ReportAfterEach] TOP-LEVEL - /Users/igorg/projects/distribution-spec/conformance/00_conformance_suite_test.go:23 @ 08/05/24 13:03:39.699&#xA;&lt; Exit [ReportAfterEach] TOP-LEVEL - /Users/igorg/projects/distribution-spec/conformance/00_conformance_suite_test.go:23 @ 08/05/24 13:03:39.699 (0s)&#xA;</system-err>
          </testcase>
          <testcase name="OCI Distribution Conformance Tests Push Blob Upload Monolithic GET request to blob URL from prior request should yield 200 or 404 based on response code" classname="conformance tests" status="passed" time="0.03071575">
              <system-err>&gt; Enter [It] GET request to blob URL from prior request should yield 200 or 404 based on response code - /Users/igorg/projects/distribution-spec/conformance/02_push_test.go:85 @ 08/05/24 13:03:39.699&#xA;&lt; Exit [It] GET request to blob URL from prior request should yield 200 or 404 based on response code - /Users/igorg/projects/distribution-spec/conformance/02_push_test.go:85 @ 08/05/24 13:03:39.73 (31ms)&#xA;&gt; Enter [ReportAfterEach] TOP-LEVEL - /Users/igorg/projects/distribution-spec/conformance/00_conformance_suite_test.go:23 @ 08/05/24 13:03:39.73&#xA;&lt; Exit [ReportAfterEach] TOP-LEVEL - /Users/igorg/projects/distribution-spec/conformance/00_conformance_suite_test.go:23 @ 08/05/24 13:03:39.73 (0s)&#xA;</system-err>
          </testcase>
          <testcase name="OCI Distribution Conformance Tests Push Blob Upload Monolithic POST request should yield a session ID" classname="conformance tests" status="passed" time="0.017895083">
              <system-err>&gt; Enter [It] POST request should yield a session ID - /Users/igorg/projects/distribution-spec/conformance/02_push_test.go:98 @ 08/05/24 13:03:39.73&#xA;&lt; Exit [It] POST request should yield a session ID - /Users/igorg/projects/distribution-spec/conformance/02_push_test.go:98 @ 08/05/24 13:03:39.748 (18ms)&#xA;&gt; Enter [ReportAfterEach] TOP-LEVEL - /Users/igorg/projects/distribution-spec/conformance/00_conformance_suite_test.go:23 @ 08/05/24 13:03:39.748&#xA;&lt; Exit [ReportAfterEach] TOP-LEVEL - /Users/igorg/projects/distribution-spec/conformance/00_conformance_suite_test.go:23 @ 08/05/24 13:03:39.748 (0s)&#xA;</system-err>
          </testcase>
          <testcase name="OCI Distribution Conformance Tests Push Blob Upload Monolithic PUT upload of a blob should yield a 201 Response" classname="conformance tests" status="passed" time="0.042896584">
              <system-err>&gt; Enter [It] PUT upload of a blob should yield a 201 Response - /Users/igorg/projects/distribution-spec/conformance/02_push_test.go:107 @ 08/05/24 13:03:39.748&#xA;&lt; Exit [It] PUT upload of a blob should yield a 201 Response - /Users/igorg/projects/distribution-spec/conformance/02_push_test.go:107 @ 08/05/24 13:03:39.791 (43ms)&#xA;&gt; Enter [ReportAfterEach] TOP-LEVEL - /Users/igorg/projects/distribution-spec/conformance/00_conformance_suite_test.go:23 @ 08/05/24 13:03:39.791&#xA;&lt; Exit [ReportAfterEach] TOP-LEVEL - /Users/igorg/projects/distribution-spec/conformance/00_conformance_suite_test.go:23 @ 08/05/24 13:03:39.791 (0s)&#xA;</system-err>
          </testcase>
          <testcase name="OCI Distribution Conformance Tests Push Blob Upload Monolithic GET request to existing blob should yield 200 response" classname="conformance tests" status="passed" time="0.007204917">
              <system-err>&gt; Enter [It] GET request to existing blob should yield 200 response - /Users/igorg/projects/distribution-spec/conformance/02_push_test.go:121 @ 08/05/24 13:03:39.791&#xA;&lt; Exit [It] GET request to existing blob should yield 200 response - /Users/igorg/projects/distribution-spec/conformance/02_push_test.go:121 @ 08/05/24 13:03:39.798 (7ms)&#xA;&gt; Enter [ReportAfterEach] TOP-LEVEL - /Users/igorg/projects/distribution-spec/conformance/00_conformance_suite_test.go:23 @ 08/05/24 13:03:39.798&#xA;&lt; Exit [ReportAfterEach] TOP-LEVEL - /Users/igorg/projects/distribution-spec/conformance/00_conformance_suite_test.go:23 @ 08/05/24 13:03:39.798 (0s)&#xA;</system-err>
          </testcase>
          <testcase name="OCI Distribution Conformance Tests Push Blob Upload Monolithic PUT upload of a layer blob should yield a 201 Response" classname="conformance tests" status="passed" time="0.037467">
              <system-err>&gt; Enter [It] PUT upload of a layer blob should yield a 201 Response - /Users/igorg/projects/distribution-spec/conformance/02_push_test.go:129 @ 08/05/24 13:03:39.798&#xA;&lt; Exit [It] PUT upload of a layer blob should yield a 201 Response - /Users/igorg/projects/distribution-spec/conformance/02_push_test.go:129 @ 08/05/24 13:03:39.836 (37ms)&#xA;&gt; Enter [ReportAfterEach] TOP-LEVEL - /Users/igorg/projects/distribution-spec/conformance/00_conformance_suite_test.go:23 @ 08/05/24 13:03:39.836&#xA;&lt; Exit [ReportAfterEach] TOP-LEVEL - /Users/igorg/projects/distribution-spec/conformance/00_conformance_suite_test.go:23 @ 08/05/24 13:03:39.836 (0s)&#xA;</system-err>
          </testcase>
          <testcase name="OCI Distribution Conformance Tests Push Blob Upload Monolithic GET request to existing layer should yield 200 response" classname="conformance tests" status="passed" time="0.008744542">
              <system-err>&gt; Enter [It] GET request to existing layer should yield 200 response - /Users/igorg/projects/distribution-spec/conformance/02_push_test.go:146 @ 08/05/24 13:03:39.836&#xA;&lt; Exit [It] GET request to existing layer should yield 200 response - /Users/igorg/projects/distribution-spec/conformance/02_push_test.go:146 @ 08/05/24 13:03:39.845 (9ms)&#xA;&gt; Enter [ReportAfterEach] TOP-LEVEL - /Users/igorg/projects/distribution-spec/conformance/00_conformance_suite_test.go:23 @ 08/05/24 13:03:39.845&#xA;&lt; Exit [ReportAfterEach] TOP-LEVEL - /Users/igorg/projects/distribution-spec/conformance/00_conformance_suite_test.go:23 @ 08/05/24 13:03:39.845 (0s)&#xA;</system-err>
          </testcase>
          <testcase name="OCI Distribution Conformance Tests Push Blob Upload Chunked Out-of-order blob upload should return 416" classname="conformance tests" status="passed" time="0.014345708">
              <system-err>&gt; Enter [It] Out-of-order blob upload should return 416 - /Users/igorg/projects/distribution-spec/conformance/02_push_test.go:156 @ 08/05/24 13:03:39.845&#xA;&lt; Exit [It] Out-of-order blob upload should return 416 - /Users/igorg/projects/distribution-spec/conformance/02_push_test.go:156 @ 08/05/24 13:03:39.859 (14ms)&#xA;&gt; Enter [ReportAfterEach] TOP-LEVEL - /Users/igorg/projects/distribution-spec/conformance/00_conformance_suite_test.go:23 @ 08/05/24 13:03:39.859&#xA;&lt; Exit [ReportAfterEach] TOP-LEVEL - /Users/igorg/projects/distribution-spec/conformance/00_conformance_suite_test.go:23 @ 08/05/24 13:03:39.859 (0s)&#xA;</system-err>
          </testcase>
          <testcase name="OCI Distribution Conformance Tests Push Blob Upload Chunked PATCH request with first chunk should return 202" classname="conformance tests" status="passed" time="0.02976875">
              <system-err>&gt; Enter [It] PATCH request with first chunk should return 202 - /Users/igorg/projects/distribution-spec/conformance/02_push_test.go:185 @ 08/05/24 13:03:39.859&#xA;&lt; Exit [It] PATCH request with first chunk should return 202 - /Users/igorg/projects/distribution-spec/conformance/02_push_test.go:185 @ 08/05/24 13:03:39.889 (30ms)&#xA;&gt; Enter [ReportAfterEach] TOP-LEVEL - /Users/igorg/projects/distribution-spec/conformance/00_conformance_suite_test.go:23 @ 08/05/24 13:03:39.889&#xA;&lt; Exit [ReportAfterEach] TOP-LEVEL - /Users/igorg/projects/distribution-spec/conformance/00_conformance_suite_test.go:23 @ 08/05/24 13:03:39.889 (0s)&#xA;</system-err>
          </testcase>
          <testcase name="OCI Distribution Conformance Tests Push Blob Upload Chunked Retry previous blob chunk should return 416" classname="conformance tests" status="passed" time="0.009181084">
              <system-err>&gt; Enter [It] Retry previous blob chunk should return 416 - /Users/igorg/projects/distribution-spec/conformance/02_push_test.go:206 @ 08/05/24 13:03:39.889&#xA;&lt; Exit [It] Retry previous blob chunk should return 416 - /Users/igorg/projects/distribution-spec/conformance/02_push_test.go:206 @ 08/05/24 13:03:39.898 (9ms)&#xA;&gt; Enter [ReportAfterEach] TOP-LEVEL - /Users/igorg/projects/distribution-spec/conformance/00_conformance_suite_test.go:23 @ 08/05/24 13:03:39.898&#xA;&lt; Exit [ReportAfterEach] TOP-LEVEL - /Users/igorg/projects/distribution-spec/conformance/00_conformance_suite_test.go:23 @ 08/05/24 13:03:39.898 (0s)&#xA;</system-err>
          </testcase>
          <testcase name="OCI Distribution Conformance Tests Push Blob Upload Chunked Get on stale blob upload should return 204 with a range and location" classname="conformance tests" status="passed" time="0.006285625">
              <system-err>&gt; Enter [It] Get on stale blob upload should return 204 with a range and location - /Users/igorg/projects/distribution-spec/conformance/02_push_test.go:218 @ 08/05/24 13:03:39.898&#xA;&lt; Exit [It] Get on stale blob upload should return 204 with a range and location - /Users/igorg/projects/distribution-spec/conformance/02_push_test.go:218 @ 08/05/24 13:03:39.904 (6ms)&#xA;&gt; Enter [ReportAfterEach] TOP-LEVEL - /Users/igorg/projects/distribution-spec/conformance/00_conformance_suite_test.go:23 @ 08/05/24 13:03:39.904&#xA;&lt; Exit [ReportAfterEach] TOP-LEVEL - /Users/igorg/projects/distribution-spec/conformance/00_conformance_suite_test.go:23 @ 08/05/24 13:03:39.905 (0s)&#xA;</system-err>
          </testcase>
          <testcase name="OCI Distribution Conformance Tests Push Blob Upload Chunked PATCH request with second chunk should return 202" classname="conformance tests" status="passed" time="0.024593959">
              <system-err>&gt; Enter [It] PATCH request with second chunk should return 202 - /Users/igorg/projects/distribution-spec/conformance/02_push_test.go:229 @ 08/05/24 13:03:39.905&#xA;&lt; Exit [It] PATCH request with second chunk should return 202 - /Users/igorg/projects/distribution-spec/conformance/02_push_test.go:229 @ 08/05/24 13:03:39.929 (25ms)&#xA;&gt; Enter [ReportAfterEach] TOP-LEVEL - /Users/igorg/projects/distribution-spec/conformance/00_conformance_suite_test.go:23 @ 08/05/24 13:03:39.929&#xA;&lt; Exit [ReportAfterEach] TOP-LEVEL - /Users/igorg/projects/distribution-spec/conformance/00_conformance_suite_test.go:23 @ 08/05/24 13:03:39.929 (0s)&#xA;</system-err>
          </testcase>
          <testcase name="OCI Distribution Conformance Tests Push Blob Upload Chunked PUT request with digest should return 201" classname="conformance tests" status="passed" time="0.026628833">
              <system-err>&gt; Enter [It] PUT request with digest should return 201 - /Users/igorg/projects/distribution-spec/conformance/02_push_test.go:244 @ 08/05/24 13:03:39.929&#xA;&lt; Exit [It] PUT request with digest should return 201 - /Users/igorg/projects/distribution-spec/conformance/02_push_test.go:244 @ 08/05/24 13:03:39.956 (27ms)&#xA;&gt; Enter [ReportAfterEach] TOP-LEVEL - /Users/igorg/projects/distribution-spec/conformance/00_conformance_suite_test.go:23 @ 08/05/24 13:03:39.956&#xA;&lt; Exit [ReportAfterEach] TOP-LEVEL - /Users/igorg/projects/distribution-spec/conformance/00_conformance_suite_test.go:23 @ 08/05/24 13:03:39.956 (0s)&#xA;</system-err>
          </testcase>
          <testcase name="OCI Distribution Conformance Tests Push Cross-Repository Blob Mount Cross-mounting of a blob without the from argument should yield session id" classname="conformance tests" status="passed" time="0.012863542">
              <system-err>&gt; Enter [It] Cross-mounting of a blob without the from argument should yield session id - /Users/igorg/projects/distribution-spec/conformance/02_push_test.go:259 @ 08/05/24 13:03:39.956&#xA;&lt; Exit [It] Cross-mounting of a blob without the from argument should yield session id - /Users/igorg/projects/distribution-spec/conformance/02_push_test.go:259 @ 08/05/24 13:03:39.969 (13ms)&#xA;&gt; Enter [ReportAfterEach] TOP-LEVEL - /Users/igorg/projects/distribution-spec/conformance/00_conformance_suite_test.go:23 @ 08/05/24 13:03:39.969&#xA;&lt; Exit [ReportAfterEach] TOP-LEVEL - /Users/igorg/projects/distribution-spec/conformance/00_conformance_suite_test.go:23 @ 08/05/24 13:03:39.969 (0s)&#xA;</system-err>
          </testcase>
          <testcase name="OCI Distribution Conformance Tests Push Cross-Repository Blob Mount POST request to mount another repository&#39;s blob should return 201 or 202" classname="conformance tests" status="passed" time="0.013793334">
              <system-err>&gt; Enter [It] POST request to mount another repository&#39;s blob should return 201 or 202 - /Users/igorg/projects/distribution-spec/conformance/02_push_test.go:270 @ 08/05/24 13:03:39.969&#xA;&lt; Exit [It] POST request to mount another repository&#39;s blob should return 201 or 202 - /Users/igorg/projects/distribution-spec/conformance/02_push_test.go:270 @ 08/05/24 13:03:39.983 (14ms)&#xA;&gt; Enter [ReportAfterEach] TOP-LEVEL - /Users/igorg/projects/distribution-spec/conformance/00_conformance_suite_test.go:23 @ 08/05/24 13:03:39.983&#xA;&lt; Exit [ReportAfterEach] TOP-LEVEL - /Users/igorg/projects/distribution-spec/conformance/00_conformance_suite_test.go:23 @ 08/05/24 13:03:39.983 (0s)&#xA;</system-err>
          </testcase>
          <testcase name="OCI Distribution Conformance Tests Push Cross-Repository Blob Mount GET request to test digest within cross-mount namespace should return 200" classname="conformance tests" status="skipped" time="9.8083e-05">
              <skipped message="skipped - you have skipped this test."></skipped>
              <system-err>&gt; Enter [It] GET request to test digest within cross-mount namespace should return 200 - /Users/igorg/projects/distribution-spec/conformance/02_push_test.go:285 @ 08/05/24 13:03:39.983&#xA;[SKIPPED] you have skipped this test.&#xA;In [It] at: /Users/igorg/projects/distribution-spec/conformance/setup.go:585 @ 08/05/24 13:03:39.983&#xA;&lt; Exit [It] GET request to test digest within cross-mount namespace should return 200 - /Users/igorg/projects/distribution-spec/conformance/02_push_test.go:285 @ 08/05/24 13:03:39.983 (0s)&#xA;&gt; Enter [ReportAfterEach] TOP-LEVEL - /Users/igorg/projects/distribution-spec/conformance/00_conformance_suite_test.go:23 @ 08/05/24 13:03:39.983&#xA;&lt; Exit [ReportAfterEach] TOP-LEVEL - /Users/igorg/projects/distribution-spec/conformance/00_conformance_suite_test.go:23 @ 08/05/24 13:03:39.983 (0s)&#xA;</system-err>
          </testcase>
          <testcase name="OCI Distribution Conformance Tests Push Cross-Repository Blob Mount Cross-mounting of nonexistent blob should yield session id" classname="conformance tests" status="passed" time="2.2708e-05">
              <system-err>&gt; Enter [It] Cross-mounting of nonexistent blob should yield session id - /Users/igorg/projects/distribution-spec/conformance/02_push_test.go:295 @ 08/05/24 13:03:39.983&#xA;&lt; Exit [It] Cross-mounting of nonexistent blob should yield session id - /Users/igorg/projects/distribution-spec/conformance/02_push_test.go:295 @ 08/05/24 13:03:39.983 (0s)&#xA;&gt; Enter [ReportAfterEach] TOP-LEVEL - /Users/igorg/projects/distribution-spec/conformance/00_conformance_suite_test.go:23 @ 08/05/24 13:03:39.983&#xA;&lt; Exit [ReportAfterEach] TOP-LEVEL - /Users/igorg/projects/distribution-spec/conformance/00_conformance_suite_test.go:23 @ 08/05/24 13:03:39.983 (0s)&#xA;</system-err>
          </testcase>
          <testcase name="OCI Distribution Conformance Tests Push Cross-Repository Blob Mount Cross-mounting without from, and automatic content discovery enabled should return a 201" classname="conformance tests" status="skipped" time="5.75e-05">
              <skipped message="skipped - you have skipped this test."></skipped>
              <system-err>&gt; Enter [It] Cross-mounting without from, and automatic content discovery enabled should return a 201 - /Users/igorg/projects/distribution-spec/conformance/02_push_test.go:301 @ 08/05/24 13:03:39.983&#xA;[SKIPPED] you have skipped this test.&#xA;In [It] at: /Users/igorg/projects/distribution-spec/conformance/setup.go:585 @ 08/05/24 13:03:39.983&#xA;&lt; Exit [It] Cross-mounting without from, and automatic content discovery enabled should return a 201 - /Users/igorg/projects/distribution-spec/conformance/02_push_test.go:301 @ 08/05/24 13:03:39.983 (0s)&#xA;&gt; Enter [ReportAfterEach] TOP-LEVEL - /Users/igorg/projects/distribution-spec/conformance/00_conformance_suite_test.go:23 @ 08/05/24 13:03:39.983&#xA;&lt; Exit [ReportAfterEach] TOP-LEVEL - /Users/igorg/projects/distribution-spec/conformance/00_conformance_suite_test.go:23 @ 08/05/24 13:03:39.983 (0s)&#xA;</system-err>
          </testcase>
          <testcase name="OCI Distribution Conformance Tests Push Cross-Repository Blob Mount Cross-mounting without from, and automatic content discovery disabled should return a 202" classname="conformance tests" status="skipped" time="5.2625e-05">
              <skipped message="skipped - you have skipped this test."></skipped>
              <system-err>&gt; Enter [It] Cross-mounting without from, and automatic content discovery disabled should return a 202 - /Users/igorg/projects/distribution-spec/conformance/02_push_test.go:314 @ 08/05/24 13:03:39.983&#xA;[SKIPPED] you have skipped this test.&#xA;In [It] at: /Users/igorg/projects/distribution-spec/conformance/setup.go:585 @ 08/05/24 13:03:39.983&#xA;&lt; Exit [It] Cross-mounting without from, and automatic content discovery disabled should return a 202 - /Users/igorg/projects/distribution-spec/conformance/02_push_test.go:314 @ 08/05/24 13:03:39.983 (0s)&#xA;&gt; Enter [ReportAfterEach] TOP-LEVEL - /Users/igorg/projects/distribution-spec/conformance/00_conformance_suite_test.go:23 @ 08/05/24 13:03:39.983&#xA;&lt; Exit [ReportAfterEach] TOP-LEVEL - /Users/igorg/projects/distribution-spec/conformance/00_conformance_suite_test.go:23 @ 08/05/24 13:03:39.983 (0s)&#xA;</system-err>
          </testcase>
          <testcase name="OCI Distribution Conformance Tests Push Manifest Upload GET nonexistent manifest should return 404" classname="conformance tests" status="passed" time="0.006893625">
              <system-err>&gt; Enter [It] GET nonexistent manifest should return 404 - /Users/igorg/projects/distribution-spec/conformance/02_push_test.go:329 @ 08/05/24 13:03:39.983&#xA;&lt; Exit [It] GET nonexistent manifest should return 404 - /Users/igorg/projects/distribution-spec/conformance/02_push_test.go:329 @ 08/05/24 13:03:39.99 (7ms)&#xA;&gt; Enter [ReportAfterEach] TOP-LEVEL - /Users/igorg/projects/distribution-spec/conformance/00_conformance_suite_test.go:23 @ 08/05/24 13:03:39.99&#xA;&lt; Exit [ReportAfterEach] TOP-LEVEL - /Users/igorg/projects/distribution-spec/conformance/00_conformance_suite_test.go:23 @ 08/05/24 13:03:39.99 (0s)&#xA;</system-err>
          </testcase>
          <testcase name="OCI Distribution Conformance Tests Push Manifest Upload PUT should accept a manifest upload" classname="conformance tests" status="passed" time="0.201241584">
              <system-err>&gt; Enter [It] PUT should accept a manifest upload - /Users/igorg/projects/distribution-spec/conformance/02_push_test.go:338 @ 08/05/24 13:03:39.99&#xA;&lt; Exit [It] PUT should accept a manifest upload - /Users/igorg/projects/distribution-spec/conformance/02_push_test.go:338 @ 08/05/24 13:03:40.191 (201ms)&#xA;&gt; Enter [ReportAfterEach] TOP-LEVEL - /Users/igorg/projects/distribution-spec/conformance/00_conformance_suite_test.go:23 @ 08/05/24 13:03:40.191&#xA;&lt; Exit [ReportAfterEach] TOP-LEVEL - /Users/igorg/projects/distribution-spec/conformance/00_conformance_suite_test.go:23 @ 08/05/24 13:03:40.191 (0s)&#xA;</system-err>
          </testcase>
          <testcase name="OCI Distribution Conformance Tests Push Manifest Upload Registry should accept a manifest upload with no layers" classname="conformance tests" status="passed" time="0.033404208">
              <system-err>&gt; Enter [It] Registry should accept a manifest upload with no layers - /Users/igorg/projects/distribution-spec/conformance/02_push_test.go:354 @ 08/05/24 13:03:40.191&#xA;&lt; Exit [It] Registry should accept a manifest upload with no layers - /Users/igorg/projects/distribution-spec/conformance/02_push_test.go:354 @ 08/05/24 13:03:40.225 (33ms)&#xA;&gt; Enter [ReportAfterEach] TOP-LEVEL - /Users/igorg/projects/distribution-spec/conformance/00_conformance_suite_test.go:23 @ 08/05/24 13:03:40.225&#xA;&lt; Exit [ReportAfterEach] TOP-LEVEL - /Users/igorg/projects/distribution-spec/conformance/00_conformance_suite_test.go:23 @ 08/05/24 13:03:40.225 (0s)&#xA;</system-err>
          </testcase>
          <testcase name="OCI Distribution Conformance Tests Push Manifest Upload GET request to manifest URL (digest) should yield 200 response" classname="conformance tests" status="passed" time="0.012614584">
              <system-err>&gt; Enter [It] GET request to manifest URL (digest) should yield 200 response - /Users/igorg/projects/distribution-spec/conformance/02_push_test.go:372 @ 08/05/24 13:03:40.225&#xA;&lt; Exit [It] GET request to manifest URL (digest) should yield 200 response - /Users/igorg/projects/distribution-spec/conformance/02_push_test.go:372 @ 08/05/24 13:03:40.237 (13ms)&#xA;&gt; Enter [ReportAfterEach] TOP-LEVEL - /Users/igorg/projects/distribution-spec/conformance/00_conformance_suite_test.go:23 @ 08/05/24 13:03:40.237&#xA;&lt; Exit [ReportAfterEach] TOP-LEVEL - /Users/igorg/projects/distribution-spec/conformance/00_conformance_suite_test.go:23 @ 08/05/24 13:03:40.237 (0s)&#xA;</system-err>
          </testcase>
          <testcase name="OCI Distribution Conformance Tests Push Teardown Delete manifest created in tests" classname="conformance tests" status="passed" time="0.152425833">
              <system-err>&gt; Enter [It] Delete manifest created in tests - /Users/igorg/projects/distribution-spec/conformance/02_push_test.go:384 @ 08/05/24 13:03:40.237&#xA;&lt; Exit [It] Delete manifest created in tests - /Users/igorg/projects/distribution-spec/conformance/02_push_test.go:384 @ 08/05/24 13:03:40.39 (152ms)&#xA;&gt; Enter [ReportAfterEach] TOP-LEVEL - /Users/igorg/projects/distribution-spec/conformance/00_conformance_suite_test.go:23 @ 08/05/24 13:03:40.39&#xA;&lt; Exit [ReportAfterEach] TOP-LEVEL - /Users/igorg/projects/distribution-spec/conformance/00_conformance_suite_test.go:23 @ 08/05/24 13:03:40.39 (0s)&#xA;</system-err>
          </testcase>
          <testcase name="OCI Distribution Conformance Tests Push Teardown Delete config blob created in tests" classname="conformance tests" status="passed" time="0.005935167">
              <system-err>&gt; Enter [It] Delete config blob created in tests - /Users/igorg/projects/distribution-spec/conformance/02_push_test.go:412 @ 08/05/24 13:03:40.39&#xA;&lt; Exit [It] Delete config blob created in tests - /Users/igorg/projects/distribution-spec/conformance/02_push_test.go:412 @ 08/05/24 13:03:40.396 (6ms)&#xA;&gt; Enter [ReportAfterEach] TOP-LEVEL - /Users/igorg/projects/distribution-spec/conformance/00_conformance_suite_test.go:23 @ 08/05/24 13:03:40.396&#xA;&lt; Exit [ReportAfterEach] TOP-LEVEL - /Users/igorg/projects/distribution-spec/conformance/00_conformance_suite_test.go:23 @ 08/05/24 13:03:40.396 (0s)&#xA;</system-err>
          </testcase>
          <testcase name="OCI Distribution Conformance Tests Push Teardown Delete layer blob created in setup" classname="conformance tests" status="passed" time="0.004976042">
              <system-err>&gt; Enter [It] Delete layer blob created in setup - /Users/igorg/projects/distribution-spec/conformance/02_push_test.go:428 @ 08/05/24 13:03:40.396&#xA;&lt; Exit [It] Delete layer blob created in setup - /Users/igorg/projects/distribution-spec/conformance/02_push_test.go:428 @ 08/05/24 13:03:40.401 (5ms)&#xA;&gt; Enter [ReportAfterEach] TOP-LEVEL - /Users/igorg/projects/distribution-spec/conformance/00_conformance_suite_test.go:23 @ 08/05/24 13:03:40.401&#xA;&lt; Exit [ReportAfterEach] TOP-LEVEL - /Users/igorg/projects/distribution-spec/conformance/00_conformance_suite_test.go:23 @ 08/05/24 13:03:40.401 (0s)&#xA;</system-err>
          </testcase>
          <testcase name="OCI Distribution Conformance Tests Content Discovery Setup Populate registry with test blob" classname="conformance tests" status="passed" time="0.023314833">
              <system-err>&gt; Enter [It] Populate registry with test blob - /Users/igorg/projects/distribution-spec/conformance/03_discovery_test.go:24 @ 08/05/24 13:03:40.401&#xA;&lt; Exit [It] Populate registry with test blob - /Users/igorg/projects/distribution-spec/conformance/03_discovery_test.go:24 @ 08/05/24 13:03:40.424 (23ms)&#xA;&gt; Enter [ReportAfterEach] TOP-LEVEL - /Users/igorg/projects/distribution-spec/conformance/00_conformance_suite_test.go:23 @ 08/05/24 13:03:40.424&#xA;&lt; Exit [ReportAfterEach] TOP-LEVEL - /Users/igorg/projects/distribution-spec/conformance/00_conformance_suite_test.go:23 @ 08/05/24 13:03:40.424 (0s)&#xA;</system-err>
          </testcase>
          <testcase name="OCI Distribution Conformance Tests Content Discovery Setup Populate registry with test layer" classname="conformance tests" status="passed" time="0.022693125">
              <system-err>&gt; Enter [It] Populate registry with test layer - /Users/igorg/projects/distribution-spec/conformance/03_discovery_test.go:42 @ 08/05/24 13:03:40.424&#xA;&lt; Exit [It] Populate registry with test layer - /Users/igorg/projects/distribution-spec/conformance/03_discovery_test.go:42 @ 08/05/24 13:03:40.447 (23ms)&#xA;&gt; Enter [ReportAfterEach] TOP-LEVEL - /Users/igorg/projects/distribution-spec/conformance/00_conformance_suite_test.go:23 @ 08/05/24 13:03:40.447&#xA;&lt; Exit [ReportAfterEach] TOP-LEVEL - /Users/igorg/projects/distribution-spec/conformance/00_conformance_suite_test.go:23 @ 08/05/24 13:03:40.448 (1ms)&#xA;</system-err>
          </testcase>
          <testcase name="OCI Distribution Conformance Tests Content Discovery Setup Populate registry with test tags" classname="conformance tests" status="passed" time="0.154329">
              <system-err>&gt; Enter [It] Populate registry with test tags - /Users/igorg/projects/distribution-spec/conformance/03_discovery_test.go:60 @ 08/05/24 13:03:40.448&#xA;&lt; Exit [It] Populate registry with test tags - /Users/igorg/projects/distribution-spec/conformance/03_discovery_test.go:60 @ 08/05/24 13:03:40.603 (154ms)&#xA;&gt; Enter [ReportAfterEach] TOP-LEVEL - /Users/igorg/projects/distribution-spec/conformance/00_conformance_suite_test.go:23 @ 08/05/24 13:03:40.603&#xA;&lt; Exit [ReportAfterEach] TOP-LEVEL - /Users/igorg/projects/distribution-spec/conformance/00_conformance_suite_test.go:23 @ 08/05/24 13:03:40.603 (0s)&#xA;</system-err>
          </testcase>
          <testcase name="OCI Distribution Conformance Tests Content Discovery Setup Populate registry with test tags (no push)" classname="conformance tests" status="skipped" time="0.000205292">
              <skipped message="skipped - you have skipped this test."></skipped>
              <system-err>&gt; Enter [It] Populate registry with test tags (no push) - /Users/igorg/projects/distribution-spec/conformance/03_discovery_test.go:82 @ 08/05/24 13:03:40.603&#xA;[SKIPPED] you have skipped this test.&#xA;In [It] at: /Users/igorg/projects/distribution-spec/conformance/setup.go:591 @ 08/05/24 13:03:40.603&#xA;&lt; Exit [It] Populate registry with test tags (no push) - /Users/igorg/projects/distribution-spec/conformance/03_discovery_test.go:82 @ 08/05/24 13:03:40.603 (0s)&#xA;&gt; Enter [ReportAfterEach] TOP-LEVEL - /Users/igorg/projects/distribution-spec/conformance/00_conformance_suite_test.go:23 @ 08/05/24 13:03:40.603&#xA;&lt; Exit [ReportAfterEach] TOP-LEVEL - /Users/igorg/projects/distribution-spec/conformance/00_conformance_suite_test.go:23 @ 08/05/24 13:03:40.603 (0s)&#xA;</system-err>
          </testcase>
          <testcase name="OCI Distribution Conformance Tests Content Discovery Setup References setup" classname="conformance tests" status="passed" time="0.479385584">
              <system-err>&gt; Enter [It] References setup - /Users/igorg/projects/distribution-spec/conformance/03_discovery_test.go:88 @ 08/05/24 13:03:40.603&#xA;&lt; Exit [It] References setup - /Users/igorg/projects/distribution-spec/conformance/03_discovery_test.go:88 @ 08/05/24 13:03:41.082 (479ms)&#xA;&gt; Enter [ReportAfterEach] TOP-LEVEL - /Users/igorg/projects/distribution-spec/conformance/00_conformance_suite_test.go:23 @ 08/05/24 13:03:41.082&#xA;&lt; Exit [ReportAfterEach] TOP-LEVEL - /Users/igorg/projects/distribution-spec/conformance/00_conformance_suite_test.go:23 @ 08/05/24 13:03:41.083 (1ms)&#xA;</system-err>
          </testcase>
          <testcase name="OCI Distribution Conformance Tests Content Discovery Test content discovery endpoints (listing tags) GET request to list tags should yield 200 response" classname="conformance tests" status="passed" time="0.013879875">
              <system-err>&gt; Enter [It] GET request to list tags should yield 200 response - /Users/igorg/projects/distribution-spec/conformance/03_discovery_test.go:256 @ 08/05/24 13:03:41.083&#xA;&lt; Exit [It] GET request to list tags should yield 200 response - /Users/igorg/projects/distribution-spec/conformance/03_discovery_test.go:256 @ 08/05/24 13:03:41.097 (14ms)&#xA;&gt; Enter [ReportAfterEach] TOP-LEVEL - /Users/igorg/projects/distribution-spec/conformance/00_conformance_suite_test.go:23 @ 08/05/24 13:03:41.097&#xA;&lt; Exit [ReportAfterEach] TOP-LEVEL - /Users/igorg/projects/distribution-spec/conformance/00_conformance_suite_test.go:23 @ 08/05/24 13:03:41.097 (0s)&#xA;</system-err>
          </testcase>
          <testcase name="OCI Distribution Conformance Tests Content Discovery Test content discovery endpoints (listing tags) GET number of tags should be limitable by `n` query parameter" classname="conformance tests" status="passed" time="0.00698425">
              <system-err>&gt; Enter [It] GET number of tags should be limitable by `n` query parameter - /Users/igorg/projects/distribution-spec/conformance/03_discovery_test.go:266 @ 08/05/24 13:03:41.097&#xA;&lt; Exit [It] GET number of tags should be limitable by `n` query parameter - /Users/igorg/projects/distribution-spec/conformance/03_discovery_test.go:266 @ 08/05/24 13:03:41.104 (7ms)&#xA;&gt; Enter [ReportAfterEach] TOP-LEVEL - /Users/igorg/projects/distribution-spec/conformance/00_conformance_suite_test.go:23 @ 08/05/24 13:03:41.104&#xA;&lt; Exit [ReportAfterEach] TOP-LEVEL - /Users/igorg/projects/distribution-spec/conformance/00_conformance_suite_test.go:23 @ 08/05/24 13:03:41.104 (0s)&#xA;</system-err>
          </testcase>
          <testcase name="OCI Distribution Conformance Tests Content Discovery Test content discovery endpoints (listing tags) GET start of tag is set by `last` query parameter" classname="conformance tests" status="passed" time="0.01404675">
              <system-err>&gt; Enter [It] GET start of tag is set by `last` query parameter - /Users/igorg/projects/distribution-spec/conformance/03_discovery_test.go:279 @ 08/05/24 13:03:41.104&#xA;&lt; Exit [It] GET start of tag is set by `last` query parameter - /Users/igorg/projects/distribution-spec/conformance/03_discovery_test.go:279 @ 08/05/24 13:03:41.118 (14ms)&#xA;&gt; Enter [ReportAfterEach] TOP-LEVEL - /Users/igorg/projects/distribution-spec/conformance/00_conformance_suite_test.go:23 @ 08/05/24 13:03:41.118&#xA;&lt; Exit [ReportAfterEach] TOP-LEVEL - /Users/igorg/projects/distribution-spec/conformance/00_conformance_suite_test.go:23 @ 08/05/24 13:03:41.118 (0s)&#xA;</system-err>
          </testcase>
          <testcase name="OCI Distribution Conformance Tests Content Discovery Test content discovery endpoints (listing references) GET request to nonexistent blob should result in empty 200 response" classname="conformance tests" status="passed" time="0.029634333">
              <system-err>&gt; Enter [It] GET request to nonexistent blob should result in empty 200 response - /Users/igorg/projects/distribution-spec/conformance/03_discovery_test.go:300 @ 08/05/24 13:03:41.118&#xA;&lt; Exit [It] GET request to nonexistent blob should result in empty 200 response - /Users/igorg/projects/distribution-spec/conformance/03_discovery_test.go:300 @ 08/05/24 13:03:41.148 (30ms)&#xA;&gt; Enter [ReportAfterEach] TOP-LEVEL - /Users/igorg/projects/distribution-spec/conformance/00_conformance_suite_test.go:23 @ 08/05/24 13:03:41.148&#xA;&lt; Exit [ReportAfterEach] TOP-LEVEL - /Users/igorg/projects/distribution-spec/conformance/00_conformance_suite_test.go:23 @ 08/05/24 13:03:41.148 (0s)&#xA;</system-err>
          </testcase>
          <testcase name="OCI Distribution Conformance Tests Content Discovery Test content discovery endpoints (listing references) GET request to existing blob should yield 200" classname="conformance tests" status="passed" time="0.010688333">
              <system-err>&gt; Enter [It] GET request to existing blob should yield 200 - /Users/igorg/projects/distribution-spec/conformance/03_discovery_test.go:315 @ 08/05/24 13:03:41.148&#xA;&lt; Exit [It] GET request to existing blob should yield 200 - /Users/igorg/projects/distribution-spec/conformance/03_discovery_test.go:315 @ 08/05/24 13:03:41.159 (11ms)&#xA;&gt; Enter [ReportAfterEach] TOP-LEVEL - /Users/igorg/projects/distribution-spec/conformance/00_conformance_suite_test.go:23 @ 08/05/24 13:03:41.159&#xA;&lt; Exit [ReportAfterEach] TOP-LEVEL - /Users/igorg/projects/distribution-spec/conformance/00_conformance_suite_test.go:23 @ 08/05/24 13:03:41.159 (0s)&#xA;</system-err>
          </testcase>
          <testcase name="OCI Distribution Conformance Tests Content Discovery Test content discovery endpoints (listing references) GET request to existing blob with filter should yield 200" classname="conformance tests" status="passed" time="0.008409916">
              <system-err>&gt; Enter [It] GET request to existing blob with filter should yield 200 - /Users/igorg/projects/distribution-spec/conformance/03_discovery_test.go:335 @ 08/05/24 13:03:41.159&#xA;&lt; Exit [It] GET request to existing blob with filter should yield 200 - /Users/igorg/projects/distribution-spec/conformance/03_discovery_test.go:335 @ 08/05/24 13:03:41.167 (8ms)&#xA;&gt; Enter [ReportAfterEach] TOP-LEVEL - /Users/igorg/projects/distribution-spec/conformance/00_conformance_suite_test.go:23 @ 08/05/24 13:03:41.167&#xA;&lt; Exit [ReportAfterEach] TOP-LEVEL - /Users/igorg/projects/distribution-spec/conformance/00_conformance_suite_test.go:23 @ 08/05/24 13:03:41.167 (0s)&#xA;</system-err>
          </testcase>
          <testcase name="OCI Distribution Conformance Tests Content Discovery Test content discovery endpoints (listing references) GET request to missing manifest should yield 200" classname="conformance tests" status="passed" time="0.006684208">
              <system-err>&gt; Enter [It] GET request to missing manifest should yield 200 - /Users/igorg/projects/distribution-spec/conformance/03_discovery_test.go:367 @ 08/05/24 13:03:41.167&#xA;&lt; Exit [It] GET request to missing manifest should yield 200 - /Users/igorg/projects/distribution-spec/conformance/03_discovery_test.go:367 @ 08/05/24 13:03:41.174 (7ms)&#xA;&gt; Enter [ReportAfterEach] TOP-LEVEL - /Users/igorg/projects/distribution-spec/conformance/00_conformance_suite_test.go:23 @ 08/05/24 13:03:41.174&#xA;&lt; Exit [ReportAfterEach] TOP-LEVEL - /Users/igorg/projects/distribution-spec/conformance/00_conformance_suite_test.go:23 @ 08/05/24 13:03:41.174 (0s)&#xA;</system-err>
          </testcase>
          <testcase name="OCI Distribution Conformance Tests Content Discovery Teardown Delete created manifest &amp; associated tags" classname="conformance tests" status="passed" time="0.3403985">
              <system-err>&gt; Enter [It] Delete created manifest &amp; associated tags - /Users/igorg/projects/distribution-spec/conformance/03_discovery_test.go:386 @ 08/05/24 13:03:41.174&#xA;&lt; Exit [It] Delete created manifest &amp; associated tags - /Users/igorg/projects/distribution-spec/conformance/03_discovery_test.go:386 @ 08/05/24 13:03:41.515 (340ms)&#xA;&gt; Enter [ReportAfterEach] TOP-LEVEL - /Users/igorg/projects/distribution-spec/conformance/00_conformance_suite_test.go:23 @ 08/05/24 13:03:41.515&#xA;&lt; Exit [ReportAfterEach] TOP-LEVEL - /Users/igorg/projects/distribution-spec/conformance/00_conformance_suite_test.go:23 @ 08/05/24 13:03:41.515 (1ms)&#xA;</system-err>
          </testcase>
          <testcase name="OCI Distribution Conformance Tests Content Discovery Teardown Delete config blob created in tests" classname="conformance tests" status="passed" time="0.010906292">
              <system-err>&gt; Enter [It] Delete config blob created in tests - /Users/igorg/projects/distribution-spec/conformance/03_discovery_test.go:415 @ 08/05/24 13:03:41.515&#xA;&lt; Exit [It] Delete config blob created in tests - /Users/igorg/projects/distribution-spec/conformance/03_discovery_test.go:415 @ 08/05/24 13:03:41.526 (11ms)&#xA;&gt; Enter [ReportAfterEach] TOP-LEVEL - /Users/igorg/projects/distribution-spec/conformance/00_conformance_suite_test.go:23 @ 08/05/24 13:03:41.526&#xA;&lt; Exit [ReportAfterEach] TOP-LEVEL - /Users/igorg/projects/distribution-spec/conformance/00_conformance_suite_test.go:23 @ 08/05/24 13:03:41.526 (0s)&#xA;</system-err>
          </testcase>
          <testcase name="OCI Distribution Conformance Tests Content Discovery Teardown Delete layer blob created in setup" classname="conformance tests" status="passed" time="0.00565375">
              <system-err>&gt; Enter [It] Delete layer blob created in setup - /Users/igorg/projects/distribution-spec/conformance/03_discovery_test.go:430 @ 08/05/24 13:03:41.526&#xA;&lt; Exit [It] Delete layer blob created in setup - /Users/igorg/projects/distribution-spec/conformance/03_discovery_test.go:430 @ 08/05/24 13:03:41.532 (6ms)&#xA;&gt; Enter [ReportAfterEach] TOP-LEVEL - /Users/igorg/projects/distribution-spec/conformance/00_conformance_suite_test.go:23 @ 08/05/24 13:03:41.532&#xA;&lt; Exit [ReportAfterEach] TOP-LEVEL - /Users/igorg/projects/distribution-spec/conformance/00_conformance_suite_test.go:23 @ 08/05/24 13:03:41.532 (0s)&#xA;</system-err>
          </testcase>
          <testcase name="OCI Distribution Conformance Tests Content Discovery Teardown References teardown" classname="conformance tests" status="passed" time="0.059823833">
              <system-err>&gt; Enter [It] References teardown - /Users/igorg/projects/distribution-spec/conformance/03_discovery_test.go:475 @ 08/05/24 13:03:41.532&#xA;&lt; Exit [It] References teardown - /Users/igorg/projects/distribution-spec/conformance/03_discovery_test.go:475 @ 08/05/24 13:03:41.592 (60ms)&#xA;&gt; Enter [ReportAfterEach] TOP-LEVEL - /Users/igorg/projects/distribution-spec/conformance/00_conformance_suite_test.go:23 @ 08/05/24 13:03:41.592&#xA;&lt; Exit [ReportAfterEach] TOP-LEVEL - /Users/igorg/projects/distribution-spec/conformance/00_conformance_suite_test.go:23 @ 08/05/24 13:03:41.592 (0s)&#xA;</system-err>
          </testcase>
          <testcase name="OCI Distribution Conformance Tests Content Management Setup Populate registry with test config blob" classname="conformance tests" status="passed" time="0.025892583">
              <system-err>&gt; Enter [It] Populate registry with test config blob - /Users/igorg/projects/distribution-spec/conformance/04_management_test.go:21 @ 08/05/24 13:03:41.592&#xA;&lt; Exit [It] Populate registry with test config blob - /Users/igorg/projects/distribution-spec/conformance/04_management_test.go:21 @ 08/05/24 13:03:41.618 (26ms)&#xA;&gt; Enter [ReportAfterEach] TOP-LEVEL - /Users/igorg/projects/distribution-spec/conformance/00_conformance_suite_test.go:23 @ 08/05/24 13:03:41.618&#xA;&lt; Exit [ReportAfterEach] TOP-LEVEL - /Users/igorg/projects/distribution-spec/conformance/00_conformance_suite_test.go:23 @ 08/05/24 13:03:41.618 (0s)&#xA;</system-err>
          </testcase>
          <testcase name="OCI Distribution Conformance Tests Content Management Setup Populate registry with test layer" classname="conformance tests" status="passed" time="0.033905125">
              <system-err>&gt; Enter [It] Populate registry with test layer - /Users/igorg/projects/distribution-spec/conformance/04_management_test.go:39 @ 08/05/24 13:03:41.618&#xA;&lt; Exit [It] Populate registry with test layer - /Users/igorg/projects/distribution-spec/conformance/04_management_test.go:39 @ 08/05/24 13:03:41.652 (34ms)&#xA;&gt; Enter [ReportAfterEach] TOP-LEVEL - /Users/igorg/projects/distribution-spec/conformance/00_conformance_suite_test.go:23 @ 08/05/24 13:03:41.652&#xA;&lt; Exit [ReportAfterEach] TOP-LEVEL - /Users/igorg/projects/distribution-spec/conformance/00_conformance_suite_test.go:23 @ 08/05/24 13:03:41.653 (1ms)&#xA;</system-err>
          </testcase>
          <testcase name="OCI Distribution Conformance Tests Content Management Setup Populate registry with test tag" classname="conformance tests" status="passed" time="0.05137225">
              <system-err>&gt; Enter [It] Populate registry with test tag - /Users/igorg/projects/distribution-spec/conformance/04_management_test.go:57 @ 08/05/24 13:03:41.653&#xA;&lt; Exit [It] Populate registry with test tag - /Users/igorg/projects/distribution-spec/conformance/04_management_test.go:57 @ 08/05/24 13:03:41.704 (51ms)&#xA;&gt; Enter [ReportAfterEach] TOP-LEVEL - /Users/igorg/projects/distribution-spec/conformance/00_conformance_suite_test.go:23 @ 08/05/24 13:03:41.704&#xA;&lt; Exit [ReportAfterEach] TOP-LEVEL - /Users/igorg/projects/distribution-spec/conformance/00_conformance_suite_test.go:23 @ 08/05/24 13:03:41.704 (0s)&#xA;</system-err>
          </testcase>
          <testcase name="OCI Distribution Conformance Tests Content Management Setup Check how many tags there are before anything gets deleted" classname="conformance tests" status="passed" time="0.074674959">
              <system-err>&gt; Enter [It] Check how many tags there are before anything gets deleted - /Users/igorg/projects/distribution-spec/conformance/04_management_test.go:72 @ 08/05/24 13:03:41.704&#xA;&lt; Exit [It] Check how many tags there are before anything gets deleted - /Users/igorg/projects/distribution-spec/conformance/04_management_test.go:72 @ 08/05/24 13:03:41.779 (75ms)&#xA;&gt; Enter [ReportAfterEach] TOP-LEVEL - /Users/igorg/projects/distribution-spec/conformance/00_conformance_suite_test.go:23 @ 08/05/24 13:03:41.779&#xA;&lt; Exit [ReportAfterEach] TOP-LEVEL - /Users/igorg/projects/distribution-spec/conformance/00_conformance_suite_test.go:23 @ 08/05/24 13:03:41.779 (0s)&#xA;</system-err>
          </testcase>
          <testcase name="OCI Distribution Conformance Tests Content Management Manifest delete DELETE request to manifest tag should return 202, unless tag deletion is disallowed (400/405)" classname="conformance tests" status="passed" time="0.040536417">
              <system-err>&gt; Enter [It] DELETE request to manifest tag should return 202, unless tag deletion is disallowed (400/405) - /Users/igorg/projects/distribution-spec/conformance/04_management_test.go:88 @ 08/05/24 13:03:41.779&#xA;&lt; Exit [It] DELETE request to manifest tag should return 202, unless tag deletion is disallowed (400/405) - /Users/igorg/projects/distribution-spec/conformance/04_management_test.go:88 @ 08/05/24 13:03:41.82 (41ms)&#xA;&gt; Enter [ReportAfterEach] TOP-LEVEL - /Users/igorg/projects/distribution-spec/conformance/00_conformance_suite_test.go:23 @ 08/05/24 13:03:41.82&#xA;&lt; Exit [ReportAfterEach] TOP-LEVEL - /Users/igorg/projects/distribution-spec/conformance/00_conformance_suite_test.go:23 @ 08/05/24 13:03:41.82 (0s)&#xA;</system-err>
          </testcase>
          <testcase name="OCI Distribution Conformance Tests Content Management Manifest delete DELETE request to manifest (digest) should yield 202 response unless already deleted" classname="conformance tests" status="passed" time="0.021991209">
              <system-err>&gt; Enter [It] DELETE request to manifest (digest) should yield 202 response unless already deleted - /Users/igorg/projects/distribution-spec/conformance/04_management_test.go:106 @ 08/05/24 13:03:41.82&#xA;&lt; Exit [It] DELETE request to manifest (digest) should yield 202 response unless already deleted - /Users/igorg/projects/distribution-spec/conformance/04_management_test.go:106 @ 08/05/24 13:03:41.842 (22ms)&#xA;&gt; Enter [ReportAfterEach] TOP-LEVEL - /Users/igorg/projects/distribution-spec/conformance/00_conformance_suite_test.go:23 @ 08/05/24 13:03:41.842&#xA;&lt; Exit [ReportAfterEach] TOP-LEVEL - /Users/igorg/projects/distribution-spec/conformance/00_conformance_suite_test.go:23 @ 08/05/24 13:03:41.842 (0s)&#xA;</system-err>
          </testcase>
          <testcase name="OCI Distribution Conformance Tests Content Management Manifest delete GET request to deleted manifest URL should yield 404 response, unless delete is disallowed" classname="conformance tests" status="passed" time="0.007570667">
              <system-err>&gt; Enter [It] GET request to deleted manifest URL should yield 404 response, unless delete is disallowed - /Users/igorg/projects/distribution-spec/conformance/04_management_test.go:118 @ 08/05/24 13:03:41.842&#xA;&lt; Exit [It] GET request to deleted manifest URL should yield 404 response, unless delete is disallowed - /Users/igorg/projects/distribution-spec/conformance/04_management_test.go:118 @ 08/05/24 13:03:41.849 (8ms)&#xA;&gt; Enter [ReportAfterEach] TOP-LEVEL - /Users/igorg/projects/distribution-spec/conformance/00_conformance_suite_test.go:23 @ 08/05/24 13:03:41.849&#xA;&lt; Exit [ReportAfterEach] TOP-LEVEL - /Users/igorg/projects/distribution-spec/conformance/00_conformance_suite_test.go:23 @ 08/05/24 13:03:41.849 (0s)&#xA;</system-err>
          </testcase>
          <testcase name="OCI Distribution Conformance Tests Content Management Manifest delete GET request to tags list should reflect manifest deletion" classname="conformance tests" status="passed" time="0.013900708">
              <system-err>&gt; Enter [It] GET request to tags list should reflect manifest deletion - /Users/igorg/projects/distribution-spec/conformance/04_management_test.go:129 @ 08/05/24 13:03:41.85&#xA;&lt; Exit [It] GET request to tags list should reflect manifest deletion - /Users/igorg/projects/distribution-spec/conformance/04_management_test.go:129 @ 08/05/24 13:03:41.863 (14ms)&#xA;&gt; Enter [ReportAfterEach] TOP-LEVEL - /Users/igorg/projects/distribution-spec/conformance/00_conformance_suite_test.go:23 @ 08/05/24 13:03:41.863&#xA;&lt; Exit [ReportAfterEach] TOP-LEVEL - /Users/igorg/projects/distribution-spec/conformance/00_conformance_suite_test.go:23 @ 08/05/24 13:03:41.863 (0s)&#xA;</system-err>
          </testcase>
          <testcase name="OCI Distribution Conformance Tests Content Management Blob delete DELETE request to blob URL should yield 202 response" classname="conformance tests" status="passed" time="0.011426834">
              <system-err>&gt; Enter [It] DELETE request to blob URL should yield 202 response - /Users/igorg/projects/distribution-spec/conformance/04_management_test.go:153 @ 08/05/24 13:03:41.863&#xA;&lt; Exit [It] DELETE request to blob URL should yield 202 response - /Users/igorg/projects/distribution-spec/conformance/04_management_test.go:153 @ 08/05/24 13:03:41.875 (11ms)&#xA;&gt; Enter [ReportAfterEach] TOP-LEVEL - /Users/igorg/projects/distribution-spec/conformance/00_conformance_suite_test.go:23 @ 08/05/24 13:03:41.875&#xA;&lt; Exit [ReportAfterEach] TOP-LEVEL - /Users/igorg/projects/distribution-spec/conformance/00_conformance_suite_test.go:23 @ 08/05/24 13:03:41.875 (0s)&#xA;</system-err>
          </testcase>
          <testcase name="OCI Distribution Conformance Tests Content Management Blob delete GET request to deleted blob URL should yield 404 response" classname="conformance tests" status="skipped" time="8.275e-05">
              <skipped message="skipped - you have skipped this test."></skipped>
              <system-err>&gt; Enter [It] GET request to deleted blob URL should yield 404 response - /Users/igorg/projects/distribution-spec/conformance/04_management_test.go:180 @ 08/05/24 13:03:41.875&#xA;[SKIPPED] you have skipped this test.&#xA;In [It] at: /Users/igorg/projects/distribution-spec/conformance/setup.go:585 @ 08/05/24 13:03:41.875&#xA;&lt; Exit [It] GET request to deleted blob URL should yield 404 response - /Users/igorg/projects/distribution-spec/conformance/04_management_test.go:180 @ 08/05/24 13:03:41.875 (0s)&#xA;&gt; Enter [ReportAfterEach] TOP-LEVEL - /Users/igorg/projects/distribution-spec/conformance/00_conformance_suite_test.go:23 @ 08/05/24 13:03:41.875&#xA;&lt; Exit [ReportAfterEach] TOP-LEVEL - /Users/igorg/projects/distribution-spec/conformance/00_conformance_suite_test.go:23 @ 08/05/24 13:03:41.875 (0s)&#xA;</system-err>
          </testcase>
          <testcase name="html custom reporter" classname="conformance tests" status="passed" time="0.006562667">
              <system-err>&gt; Enter [ReportAfterSuite] TOP-LEVEL - /Users/igorg/projects/distribution-spec/conformance/00_conformance_suite_test.go:24 @ 08/05/24 13:03:41.875&#xA;&lt; Exit [ReportAfterSuite] TOP-LEVEL - /Users/igorg/projects/distribution-spec/conformance/00_conformance_suite_test.go:24 @ 08/05/24 13:03:41.882 (7ms)&#xA;</system-err>
          </testcase>
      </testsuite>
  </testsuites>