<?xml version="1.0" encoding="UTF-8"?>
  <testsuites tests="80" disabled="15" errors="0" failures="0" time="126.354615">
      <testsuite name="conformance tests" package="/Users/estebangarcia/workspace/distribution-spec/conformance" tests="80" disabled="0" skipped="15" errors="0" failures="0" time="126.354615" timestamp="2025-03-04T16:18:29">
          <properties>
              <property name="SuiteSucceeded" value="true"></property>
              <property name="SuiteHasProgrammaticFocus" value="false"></property>
              <property name="SpecialSuiteFailureReason" value=""></property>
              <property name="SuiteLabels" value="[]"></property>
              <property name="RandomSeed" value="1741105109"></property>
              <property name="RandomizeAllSpecs" value="false"></property>
              <property name="LabelFilter" value=""></property>
              <property name="FocusStrings" value=""></property>
              <property name="SkipStrings" value=""></property>
              <property name="FocusFiles" value=""></property>
              <property name="SkipFiles" value=""></property>
              <property name="FailOnPending" value="false"></property>
              <property name="FailFast" value="false"></property>
              <property name="FlakeAttempts" value="0"></property>
              <property name="DryRun" value="false"></property>
              <property name="ParallelTotal" value="1"></property>
              <property name="OutputInterceptorMode" value=""></property>
          </properties>
          <testcase name="OCI Distribution Conformance Tests Pull Setup Populate registry with test blob" classname="conformance tests" status="passed" time="1.9426665829999998">
              <system-err>&gt; Enter [It] Populate registry with test blob - /Users/estebangarcia/workspace/distribution-spec/conformance/01_pull_test.go:18 @ 03/04/25 16:18:29.147&#xA;&lt; Exit [It] Populate registry with test blob - /Users/estebangarcia/workspace/distribution-spec/conformance/01_pull_test.go:18 @ 03/04/25 16:18:31.09 (1.943s)&#xA;&gt; Enter [ReportAfterEach] TOP-LEVEL - /Users/estebangarcia/workspace/distribution-spec/conformance/00_conformance_suite_test.go:23 @ 03/04/25 16:18:31.09&#xA;&lt; Exit [ReportAfterEach] TOP-LEVEL - /Users/estebangarcia/workspace/distribution-spec/conformance/00_conformance_suite_test.go:23 @ 03/04/25 16:18:31.09 (0s)&#xA;</system-err>
          </testcase>
          <testcase name="OCI Distribution Conformance Tests Pull Setup Populate registry with test blob" classname="conformance tests" status="passed" time="1.7326363329999999">
              <system-err>&gt; Enter [It] Populate registry with test blob - /Users/estebangarcia/workspace/distribution-spec/conformance/01_pull_test.go:36 @ 03/04/25 16:18:31.091&#xA;&lt; Exit [It] Populate registry with test blob - /Users/estebangarcia/workspace/distribution-spec/conformance/01_pull_test.go:36 @ 03/04/25 16:18:32.823 (1.733s)&#xA;&gt; Enter [ReportAfterEach] TOP-LEVEL - /Users/estebangarcia/workspace/distribution-spec/conformance/00_conformance_suite_test.go:23 @ 03/04/25 16:18:32.823&#xA;&lt; Exit [ReportAfterEach] TOP-LEVEL - /Users/estebangarcia/workspace/distribution-spec/conformance/00_conformance_suite_test.go:23 @ 03/04/25 16:18:32.823 (0s)&#xA;</system-err>
          </testcase>
          <testcase name="OCI Distribution Conformance Tests Pull Setup Populate registry with test layer" classname="conformance tests" status="passed" time="1.768503708">
              <system-err>&gt; Enter [It] Populate registry with test layer - /Users/estebangarcia/workspace/distribution-spec/conformance/01_pull_test.go:54 @ 03/04/25 16:18:32.823&#xA;&lt; Exit [It] Populate registry with test layer - /Users/estebangarcia/workspace/distribution-spec/conformance/01_pull_test.go:54 @ 03/04/25 16:18:34.592 (1.768s)&#xA;&gt; Enter [ReportAfterEach] TOP-LEVEL - /Users/estebangarcia/workspace/distribution-spec/conformance/00_conformance_suite_test.go:23 @ 03/04/25 16:18:34.592&#xA;&lt; Exit [ReportAfterEach] TOP-LEVEL - /Users/estebangarcia/workspace/distribution-spec/conformance/00_conformance_suite_test.go:23 @ 03/04/25 16:18:34.592 (0s)&#xA;</system-err>
          </testcase>
          <testcase name="OCI Distribution Conformance Tests Pull Setup Populate registry with test manifest" classname="conformance tests" status="passed" time="0.688641625">
              <system-err>&gt; Enter [It] Populate registry with test manifest - /Users/estebangarcia/workspace/distribution-spec/conformance/01_pull_test.go:72 @ 03/04/25 16:18:34.592&#xA;&lt; Exit [It] Populate registry with test manifest - /Users/estebangarcia/workspace/distribution-spec/conformance/01_pull_test.go:72 @ 03/04/25 16:18:35.281 (689ms)&#xA;&gt; Enter [ReportAfterEach] TOP-LEVEL - /Users/estebangarcia/workspace/distribution-spec/conformance/00_conformance_suite_test.go:23 @ 03/04/25 16:18:35.281&#xA;&lt; Exit [ReportAfterEach] TOP-LEVEL - /Users/estebangarcia/workspace/distribution-spec/conformance/00_conformance_suite_test.go:23 @ 03/04/25 16:18:35.281 (0s)&#xA;</system-err>
          </testcase>
          <testcase name="OCI Distribution Conformance Tests Pull Setup Populate registry with test manifest" classname="conformance tests" status="passed" time="0.626464666">
              <system-err>&gt; Enter [It] Populate registry with test manifest - /Users/estebangarcia/workspace/distribution-spec/conformance/01_pull_test.go:87 @ 03/04/25 16:18:35.281&#xA;&lt; Exit [It] Populate registry with test manifest - /Users/estebangarcia/workspace/distribution-spec/conformance/01_pull_test.go:87 @ 03/04/25 16:18:35.907 (626ms)&#xA;&gt; Enter [ReportAfterEach] TOP-LEVEL - /Users/estebangarcia/workspace/distribution-spec/conformance/00_conformance_suite_test.go:23 @ 03/04/25 16:18:35.907&#xA;&lt; Exit [ReportAfterEach] TOP-LEVEL - /Users/estebangarcia/workspace/distribution-spec/conformance/00_conformance_suite_test.go:23 @ 03/04/25 16:18:35.907 (0s)&#xA;</system-err>
          </testcase>
          <testcase name="OCI Distribution Conformance Tests Pull Setup Get tag name from environment" classname="conformance tests" status="skipped" time="0.001543833">
              <skipped message="skipped - you have skipped this test."></skipped>
              <system-err>&gt; Enter [It] Get tag name from environment - /Users/estebangarcia/workspace/distribution-spec/conformance/01_pull_test.go:101 @ 03/04/25 16:18:35.907&#xA;[SKIPPED] you have skipped this test.&#xA;In [It] at: /Users/estebangarcia/workspace/distribution-spec/conformance/setup.go:591 @ 03/04/25 16:18:35.909&#xA;&lt; Exit [It] Get tag name from environment - /Users/estebangarcia/workspace/distribution-spec/conformance/01_pull_test.go:101 @ 03/04/25 16:18:35.909 (2ms)&#xA;&gt; Enter [ReportAfterEach] TOP-LEVEL - /Users/estebangarcia/workspace/distribution-spec/conformance/00_conformance_suite_test.go:23 @ 03/04/25 16:18:35.909&#xA;&lt; Exit [ReportAfterEach] TOP-LEVEL - /Users/estebangarcia/workspace/distribution-spec/conformance/00_conformance_suite_test.go:23 @ 03/04/25 16:18:35.909 (0s)&#xA;</system-err>
          </testcase>
          <testcase name="OCI Distribution Conformance Tests Pull Pull blobs HEAD request to nonexistent blob should result in 404 response" classname="conformance tests" status="passed" time="0.556280708">
              <system-err>&gt; Enter [It] HEAD request to nonexistent blob should result in 404 response - /Users/estebangarcia/workspace/distribution-spec/conformance/01_pull_test.go:112 @ 03/04/25 16:18:35.909&#xA;&lt; Exit [It] HEAD request to nonexistent blob should result in 404 response - /Users/estebangarcia/workspace/distribution-spec/conformance/01_pull_test.go:112 @ 03/04/25 16:18:36.465 (556ms)&#xA;&gt; Enter [ReportAfterEach] TOP-LEVEL - /Users/estebangarcia/workspace/distribution-spec/conformance/00_conformance_suite_test.go:23 @ 03/04/25 16:18:36.465&#xA;&lt; Exit [ReportAfterEach] TOP-LEVEL - /Users/estebangarcia/workspace/distribution-spec/conformance/00_conformance_suite_test.go:23 @ 03/04/25 16:18:36.465 (0s)&#xA;</system-err>
          </testcase>
          <testcase name="OCI Distribution Conformance Tests Pull Pull blobs HEAD request to existing blob should yield 200" classname="conformance tests" status="passed" time="0.556457833">
              <system-err>&gt; Enter [It] HEAD request to existing blob should yield 200 - /Users/estebangarcia/workspace/distribution-spec/conformance/01_pull_test.go:121 @ 03/04/25 16:18:36.465&#xA;&lt; Exit [It] HEAD request to existing blob should yield 200 - /Users/estebangarcia/workspace/distribution-spec/conformance/01_pull_test.go:121 @ 03/04/25 16:18:37.022 (556ms)&#xA;&gt; Enter [ReportAfterEach] TOP-LEVEL - /Users/estebangarcia/workspace/distribution-spec/conformance/00_conformance_suite_test.go:23 @ 03/04/25 16:18:37.022&#xA;&lt; Exit [ReportAfterEach] TOP-LEVEL - /Users/estebangarcia/workspace/distribution-spec/conformance/00_conformance_suite_test.go:23 @ 03/04/25 16:18:37.022 (0s)&#xA;</system-err>
          </testcase>
          <testcase name="OCI Distribution Conformance Tests Pull Pull blobs GET nonexistent blob should result in 404 response" classname="conformance tests" status="passed" time="0.49366675">
              <system-err>&gt; Enter [It] GET nonexistent blob should result in 404 response - /Users/estebangarcia/workspace/distribution-spec/conformance/01_pull_test.go:133 @ 03/04/25 16:18:37.022&#xA;&lt; Exit [It] GET nonexistent blob should result in 404 response - /Users/estebangarcia/workspace/distribution-spec/conformance/01_pull_test.go:133 @ 03/04/25 16:18:37.516 (494ms)&#xA;&gt; Enter [ReportAfterEach] TOP-LEVEL - /Users/estebangarcia/workspace/distribution-spec/conformance/00_conformance_suite_test.go:23 @ 03/04/25 16:18:37.516&#xA;&lt; Exit [ReportAfterEach] TOP-LEVEL - /Users/estebangarcia/workspace/distribution-spec/conformance/00_conformance_suite_test.go:23 @ 03/04/25 16:18:37.516 (0s)&#xA;</system-err>
          </testcase>
          <testcase name="OCI Distribution Conformance Tests Pull Pull blobs GET request to existing blob URL should yield 200" classname="conformance tests" status="passed" time="1.071342125">
              <system-err>&gt; Enter [It] GET request to existing blob URL should yield 200 - /Users/estebangarcia/workspace/distribution-spec/conformance/01_pull_test.go:142 @ 03/04/25 16:18:37.516&#xA;&lt; Exit [It] GET request to existing blob URL should yield 200 - /Users/estebangarcia/workspace/distribution-spec/conformance/01_pull_test.go:142 @ 03/04/25 16:18:38.587 (1.071s)&#xA;&gt; Enter [ReportAfterEach] TOP-LEVEL - /Users/estebangarcia/workspace/distribution-spec/conformance/00_conformance_suite_test.go:23 @ 03/04/25 16:18:38.587&#xA;&lt; Exit [ReportAfterEach] TOP-LEVEL - /Users/estebangarcia/workspace/distribution-spec/conformance/00_conformance_suite_test.go:23 @ 03/04/25 16:18:38.587 (0s)&#xA;</system-err>
          </testcase>
          <testcase name="OCI Distribution Conformance Tests Pull Pull manifests HEAD request to nonexistent manifest should return 404" classname="conformance tests" status="passed" time="0.800518375">
              <system-err>&gt; Enter [It] HEAD request to nonexistent manifest should return 404 - /Users/estebangarcia/workspace/distribution-spec/conformance/01_pull_test.go:152 @ 03/04/25 16:18:38.587&#xA;&lt; Exit [It] HEAD request to nonexistent manifest should return 404 - /Users/estebangarcia/workspace/distribution-spec/conformance/01_pull_test.go:152 @ 03/04/25 16:18:39.388 (801ms)&#xA;&gt; Enter [ReportAfterEach] TOP-LEVEL - /Users/estebangarcia/workspace/distribution-spec/conformance/00_conformance_suite_test.go:23 @ 03/04/25 16:18:39.388&#xA;&lt; Exit [ReportAfterEach] TOP-LEVEL - /Users/estebangarcia/workspace/distribution-spec/conformance/00_conformance_suite_test.go:23 @ 03/04/25 16:18:39.388 (0s)&#xA;</system-err>
          </testcase>
          <testcase name="OCI Distribution Conformance Tests Pull Pull manifests HEAD request to manifest[0] path (digest) should yield 200 response" classname="conformance tests" status="passed" time="0.528994958">
              <system-err>&gt; Enter [It] HEAD request to manifest[0] path (digest) should yield 200 response - /Users/estebangarcia/workspace/distribution-spec/conformance/01_pull_test.go:161 @ 03/04/25 16:18:39.388&#xA;&lt; Exit [It] HEAD request to manifest[0] path (digest) should yield 200 response - /Users/estebangarcia/workspace/distribution-spec/conformance/01_pull_test.go:161 @ 03/04/25 16:18:39.917 (529ms)&#xA;&gt; Enter [ReportAfterEach] TOP-LEVEL - /Users/estebangarcia/workspace/distribution-spec/conformance/00_conformance_suite_test.go:23 @ 03/04/25 16:18:39.917&#xA;&lt; Exit [ReportAfterEach] TOP-LEVEL - /Users/estebangarcia/workspace/distribution-spec/conformance/00_conformance_suite_test.go:23 @ 03/04/25 16:18:39.917 (0s)&#xA;</system-err>
          </testcase>
          <testcase name="OCI Distribution Conformance Tests Pull Pull manifests HEAD request to manifest[1] path (digest) should yield 200 response" classname="conformance tests" status="passed" time="0.534038291">
              <system-err>&gt; Enter [It] HEAD request to manifest[1] path (digest) should yield 200 response - /Users/estebangarcia/workspace/distribution-spec/conformance/01_pull_test.go:173 @ 03/04/25 16:18:39.917&#xA;&lt; Exit [It] HEAD request to manifest[1] path (digest) should yield 200 response - /Users/estebangarcia/workspace/distribution-spec/conformance/01_pull_test.go:173 @ 03/04/25 16:18:40.451 (534ms)&#xA;&gt; Enter [ReportAfterEach] TOP-LEVEL - /Users/estebangarcia/workspace/distribution-spec/conformance/00_conformance_suite_test.go:23 @ 03/04/25 16:18:40.451&#xA;&lt; Exit [ReportAfterEach] TOP-LEVEL - /Users/estebangarcia/workspace/distribution-spec/conformance/00_conformance_suite_test.go:23 @ 03/04/25 16:18:40.451 (0s)&#xA;</system-err>
          </testcase>
          <testcase name="OCI Distribution Conformance Tests Pull Pull manifests HEAD request to manifest path (tag) should yield 200 response" classname="conformance tests" status="passed" time="0.692126208">
              <system-err>&gt; Enter [It] HEAD request to manifest path (tag) should yield 200 response - /Users/estebangarcia/workspace/distribution-spec/conformance/01_pull_test.go:185 @ 03/04/25 16:18:40.451&#xA;&lt; Exit [It] HEAD request to manifest path (tag) should yield 200 response - /Users/estebangarcia/workspace/distribution-spec/conformance/01_pull_test.go:185 @ 03/04/25 16:18:41.143 (692ms)&#xA;&gt; Enter [ReportAfterEach] TOP-LEVEL - /Users/estebangarcia/workspace/distribution-spec/conformance/00_conformance_suite_test.go:23 @ 03/04/25 16:18:41.143&#xA;&lt; Exit [ReportAfterEach] TOP-LEVEL - /Users/estebangarcia/workspace/distribution-spec/conformance/00_conformance_suite_test.go:23 @ 03/04/25 16:18:41.143 (0s)&#xA;</system-err>
          </testcase>
          <testcase name="OCI Distribution Conformance Tests Pull Pull manifests GET nonexistent manifest should return 404" classname="conformance tests" status="passed" time="0.770238125">
              <system-err>&gt; Enter [It] GET nonexistent manifest should return 404 - /Users/estebangarcia/workspace/distribution-spec/conformance/01_pull_test.go:198 @ 03/04/25 16:18:41.144&#xA;&lt; Exit [It] GET nonexistent manifest should return 404 - /Users/estebangarcia/workspace/distribution-spec/conformance/01_pull_test.go:198 @ 03/04/25 16:18:41.914 (770ms)&#xA;&gt; Enter [ReportAfterEach] TOP-LEVEL - /Users/estebangarcia/workspace/distribution-spec/conformance/00_conformance_suite_test.go:23 @ 03/04/25 16:18:41.914&#xA;&lt; Exit [ReportAfterEach] TOP-LEVEL - /Users/estebangarcia/workspace/distribution-spec/conformance/00_conformance_suite_test.go:23 @ 03/04/25 16:18:41.914 (0s)&#xA;</system-err>
          </testcase>
          <testcase name="OCI Distribution Conformance Tests Pull Pull manifests GET request to manifest[0] path (digest) should yield 200 response" classname="conformance tests" status="passed" time="0.492003375">
              <system-err>&gt; Enter [It] GET request to manifest[0] path (digest) should yield 200 response - /Users/estebangarcia/workspace/distribution-spec/conformance/01_pull_test.go:207 @ 03/04/25 16:18:41.914&#xA;&lt; Exit [It] GET request to manifest[0] path (digest) should yield 200 response - /Users/estebangarcia/workspace/distribution-spec/conformance/01_pull_test.go:207 @ 03/04/25 16:18:42.406 (492ms)&#xA;&gt; Enter [ReportAfterEach] TOP-LEVEL - /Users/estebangarcia/workspace/distribution-spec/conformance/00_conformance_suite_test.go:23 @ 03/04/25 16:18:42.406&#xA;&lt; Exit [ReportAfterEach] TOP-LEVEL - /Users/estebangarcia/workspace/distribution-spec/conformance/00_conformance_suite_test.go:23 @ 03/04/25 16:18:42.406 (0s)&#xA;</system-err>
          </testcase>
          <testcase name="OCI Distribution Conformance Tests Pull Pull manifests GET request to manifest[1] path (digest) should yield 200 response" classname="conformance tests" status="passed" time="0.529276792">
              <system-err>&gt; Enter [It] GET request to manifest[1] path (digest) should yield 200 response - /Users/estebangarcia/workspace/distribution-spec/conformance/01_pull_test.go:216 @ 03/04/25 16:18:42.406&#xA;&lt; Exit [It] GET request to manifest[1] path (digest) should yield 200 response - /Users/estebangarcia/workspace/distribution-spec/conformance/01_pull_test.go:216 @ 03/04/25 16:18:42.935 (529ms)&#xA;&gt; Enter [ReportAfterEach] TOP-LEVEL - /Users/estebangarcia/workspace/distribution-spec/conformance/00_conformance_suite_test.go:23 @ 03/04/25 16:18:42.935&#xA;&lt; Exit [ReportAfterEach] TOP-LEVEL - /Users/estebangarcia/workspace/distribution-spec/conformance/00_conformance_suite_test.go:23 @ 03/04/25 16:18:42.935 (0s)&#xA;</system-err>
          </testcase>
          <testcase name="OCI Distribution Conformance Tests Pull Pull manifests GET request to manifest path (tag) should yield 200 response" classname="conformance tests" status="passed" time="0.745617667">
              <system-err>&gt; Enter [It] GET request to manifest path (tag) should yield 200 response - /Users/estebangarcia/workspace/distribution-spec/conformance/01_pull_test.go:225 @ 03/04/25 16:18:42.936&#xA;&lt; Exit [It] GET request to manifest path (tag) should yield 200 response - /Users/estebangarcia/workspace/distribution-spec/conformance/01_pull_test.go:225 @ 03/04/25 16:18:43.681 (746ms)&#xA;&gt; Enter [ReportAfterEach] TOP-LEVEL - /Users/estebangarcia/workspace/distribution-spec/conformance/00_conformance_suite_test.go:23 @ 03/04/25 16:18:43.681&#xA;&lt; Exit [ReportAfterEach] TOP-LEVEL - /Users/estebangarcia/workspace/distribution-spec/conformance/00_conformance_suite_test.go:23 @ 03/04/25 16:18:43.681 (0s)&#xA;</system-err>
          </testcase>
          <testcase name="OCI Distribution Conformance Tests Pull Error codes 400 response body should contain OCI-conforming JSON message" classname="conformance tests" status="passed" time="0.501848709">
              <system-err>&gt; Enter [It] 400 response body should contain OCI-conforming JSON message - /Users/estebangarcia/workspace/distribution-spec/conformance/01_pull_test.go:237 @ 03/04/25 16:18:43.681&#xA;&lt; Exit [It] 400 response body should contain OCI-conforming JSON message - /Users/estebangarcia/workspace/distribution-spec/conformance/01_pull_test.go:237 @ 03/04/25 16:18:44.183 (502ms)&#xA;&gt; Enter [ReportAfterEach] TOP-LEVEL - /Users/estebangarcia/workspace/distribution-spec/conformance/00_conformance_suite_test.go:23 @ 03/04/25 16:18:44.183&#xA;&lt; Exit [ReportAfterEach] TOP-LEVEL - /Users/estebangarcia/workspace/distribution-spec/conformance/00_conformance_suite_test.go:23 @ 03/04/25 16:18:44.183 (0s)&#xA;</system-err>
          </testcase>
          <testcase name="OCI Distribution Conformance Tests Pull Teardown Delete config[0] blob created in setup" classname="conformance tests" status="passed" time="0.505177292">
              <system-err>&gt; Enter [It] Delete config[0] blob created in setup - /Users/estebangarcia/workspace/distribution-spec/conformance/01_pull_test.go:290 @ 03/04/25 16:18:44.183&#xA;&lt; Exit [It] Delete config[0] blob created in setup - /Users/estebangarcia/workspace/distribution-spec/conformance/01_pull_test.go:290 @ 03/04/25 16:18:44.689 (505ms)&#xA;&gt; Enter [ReportAfterEach] TOP-LEVEL - /Users/estebangarcia/workspace/distribution-spec/conformance/00_conformance_suite_test.go:23 @ 03/04/25 16:18:44.689&#xA;&lt; Exit [ReportAfterEach] TOP-LEVEL - /Users/estebangarcia/workspace/distribution-spec/conformance/00_conformance_suite_test.go:23 @ 03/04/25 16:18:44.689 (0s)&#xA;</system-err>
          </testcase>
          <testcase name="OCI Distribution Conformance Tests Pull Teardown Delete config[1] blob created in setup" classname="conformance tests" status="passed" time="0.518402208">
              <system-err>&gt; Enter [It] Delete config[1] blob created in setup - /Users/estebangarcia/workspace/distribution-spec/conformance/01_pull_test.go:305 @ 03/04/25 16:18:44.689&#xA;&lt; Exit [It] Delete config[1] blob created in setup - /Users/estebangarcia/workspace/distribution-spec/conformance/01_pull_test.go:305 @ 03/04/25 16:18:45.207 (518ms)&#xA;&gt; Enter [ReportAfterEach] TOP-LEVEL - /Users/estebangarcia/workspace/distribution-spec/conformance/00_conformance_suite_test.go:23 @ 03/04/25 16:18:45.207&#xA;&lt; Exit [ReportAfterEach] TOP-LEVEL - /Users/estebangarcia/workspace/distribution-spec/conformance/00_conformance_suite_test.go:23 @ 03/04/25 16:18:45.207 (0s)&#xA;</system-err>
          </testcase>
          <testcase name="OCI Distribution Conformance Tests Pull Teardown Delete layer blob created in setup" classname="conformance tests" status="passed" time="0.4498385">
              <system-err>&gt; Enter [It] Delete layer blob created in setup - /Users/estebangarcia/workspace/distribution-spec/conformance/01_pull_test.go:321 @ 03/04/25 16:18:45.207&#xA;&lt; Exit [It] Delete layer blob created in setup - /Users/estebangarcia/workspace/distribution-spec/conformance/01_pull_test.go:321 @ 03/04/25 16:18:45.657 (450ms)&#xA;&gt; Enter [ReportAfterEach] TOP-LEVEL - /Users/estebangarcia/workspace/distribution-spec/conformance/00_conformance_suite_test.go:23 @ 03/04/25 16:18:45.657&#xA;&lt; Exit [ReportAfterEach] TOP-LEVEL - /Users/estebangarcia/workspace/distribution-spec/conformance/00_conformance_suite_test.go:23 @ 03/04/25 16:18:45.657 (0s)&#xA;</system-err>
          </testcase>
          <testcase name="OCI Distribution Conformance Tests Pull Teardown Delete manifest[0] created in setup" classname="conformance tests" status="passed" time="10.282520292">
              <system-err>&gt; Enter [It] Delete manifest[0] created in setup - /Users/estebangarcia/workspace/distribution-spec/conformance/01_pull_test.go:338 @ 03/04/25 16:18:45.657&#xA;&lt; Exit [It] Delete manifest[0] created in setup - /Users/estebangarcia/workspace/distribution-spec/conformance/01_pull_test.go:338 @ 03/04/25 16:18:55.94 (10.282s)&#xA;&gt; Enter [ReportAfterEach] TOP-LEVEL - /Users/estebangarcia/workspace/distribution-spec/conformance/00_conformance_suite_test.go:23 @ 03/04/25 16:18:55.94&#xA;&lt; Exit [ReportAfterEach] TOP-LEVEL - /Users/estebangarcia/workspace/distribution-spec/conformance/00_conformance_suite_test.go:23 @ 03/04/25 16:18:55.94 (0s)&#xA;</system-err>
          </testcase>
          <testcase name="OCI Distribution Conformance Tests Pull Teardown Delete manifest[1] created in setup" classname="conformance tests" status="passed" time="0.765795042">
              <system-err>&gt; Enter [It] Delete manifest[1] created in setup - /Users/estebangarcia/workspace/distribution-spec/conformance/01_pull_test.go:352 @ 03/04/25 16:18:55.94&#xA;&lt; Exit [It] Delete manifest[1] created in setup - /Users/estebangarcia/workspace/distribution-spec/conformance/01_pull_test.go:352 @ 03/04/25 16:18:56.706 (766ms)&#xA;&gt; Enter [ReportAfterEach] TOP-LEVEL - /Users/estebangarcia/workspace/distribution-spec/conformance/00_conformance_suite_test.go:23 @ 03/04/25 16:18:56.706&#xA;&lt; Exit [ReportAfterEach] TOP-LEVEL - /Users/estebangarcia/workspace/distribution-spec/conformance/00_conformance_suite_test.go:23 @ 03/04/25 16:18:56.706 (0s)&#xA;</system-err>
          </testcase>
          <testcase name="OCI Distribution Conformance Tests Push Blob Upload Streamed PATCH request with blob in body should yield 202 response" classname="conformance tests" status="passed" time="1.615005166">
              <system-err>&gt; Enter [It] PATCH request with blob in body should yield 202 response - /Users/estebangarcia/workspace/distribution-spec/conformance/02_push_test.go:25 @ 03/04/25 16:18:56.706&#xA;&lt; Exit [It] PATCH request with blob in body should yield 202 response - /Users/estebangarcia/workspace/distribution-spec/conformance/02_push_test.go:25 @ 03/04/25 16:18:58.321 (1.615s)&#xA;&gt; Enter [ReportAfterEach] TOP-LEVEL - /Users/estebangarcia/workspace/distribution-spec/conformance/00_conformance_suite_test.go:23 @ 03/04/25 16:18:58.321&#xA;&lt; Exit [ReportAfterEach] TOP-LEVEL - /Users/estebangarcia/workspace/distribution-spec/conformance/00_conformance_suite_test.go:23 @ 03/04/25 16:18:58.322 (0s)&#xA;</system-err>
          </testcase>
          <testcase name="OCI Distribution Conformance Tests Push Blob Upload Streamed PUT request to session URL with digest should yield 201 response" classname="conformance tests" status="passed" time="0.61734975">
              <system-err>&gt; Enter [It] PUT request to session URL with digest should yield 201 response - /Users/estebangarcia/workspace/distribution-spec/conformance/02_push_test.go:42 @ 03/04/25 16:18:58.322&#xA;&lt; Exit [It] PUT request to session URL with digest should yield 201 response - /Users/estebangarcia/workspace/distribution-spec/conformance/02_push_test.go:42 @ 03/04/25 16:18:58.939 (617ms)&#xA;&gt; Enter [ReportAfterEach] TOP-LEVEL - /Users/estebangarcia/workspace/distribution-spec/conformance/00_conformance_suite_test.go:23 @ 03/04/25 16:18:58.939&#xA;&lt; Exit [ReportAfterEach] TOP-LEVEL - /Users/estebangarcia/workspace/distribution-spec/conformance/00_conformance_suite_test.go:23 @ 03/04/25 16:18:58.939 (0s)&#xA;</system-err>
          </testcase>
          <testcase name="OCI Distribution Conformance Tests Push Blob Upload Monolithic GET nonexistent blob should result in 404 response" classname="conformance tests" status="passed" time="0.435708167">
              <system-err>&gt; Enter [It] GET nonexistent blob should result in 404 response - /Users/estebangarcia/workspace/distribution-spec/conformance/02_push_test.go:58 @ 03/04/25 16:18:58.939&#xA;&lt; Exit [It] GET nonexistent blob should result in 404 response - /Users/estebangarcia/workspace/distribution-spec/conformance/02_push_test.go:58 @ 03/04/25 16:18:59.375 (436ms)&#xA;&gt; Enter [ReportAfterEach] TOP-LEVEL - /Users/estebangarcia/workspace/distribution-spec/conformance/00_conformance_suite_test.go:23 @ 03/04/25 16:18:59.375&#xA;&lt; Exit [ReportAfterEach] TOP-LEVEL - /Users/estebangarcia/workspace/distribution-spec/conformance/00_conformance_suite_test.go:23 @ 03/04/25 16:18:59.375 (0s)&#xA;</system-err>
          </testcase>
          <testcase name="OCI Distribution Conformance Tests Push Blob Upload Monolithic POST request with digest and blob should yield a 201 or 202" classname="conformance tests" status="passed" time="1.095111666">
              <system-err>&gt; Enter [It] POST request with digest and blob should yield a 201 or 202 - /Users/estebangarcia/workspace/distribution-spec/conformance/02_push_test.go:67 @ 03/04/25 16:18:59.375&#xA;&lt; Exit [It] POST request with digest and blob should yield a 201 or 202 - /Users/estebangarcia/workspace/distribution-spec/conformance/02_push_test.go:67 @ 03/04/25 16:19:00.47 (1.095s)&#xA;&gt; Enter [ReportAfterEach] TOP-LEVEL - /Users/estebangarcia/workspace/distribution-spec/conformance/00_conformance_suite_test.go:23 @ 03/04/25 16:19:00.47&#xA;&lt; Exit [ReportAfterEach] TOP-LEVEL - /Users/estebangarcia/workspace/distribution-spec/conformance/00_conformance_suite_test.go:23 @ 03/04/25 16:19:00.47 (0s)&#xA;</system-err>
          </testcase>
          <testcase name="OCI Distribution Conformance Tests Push Blob Upload Monolithic GET request to blob URL from prior request should yield 200 or 404 based on response code" classname="conformance tests" status="passed" time="0.664516916">
              <system-err>&gt; Enter [It] GET request to blob URL from prior request should yield 200 or 404 based on response code - /Users/estebangarcia/workspace/distribution-spec/conformance/02_push_test.go:85 @ 03/04/25 16:19:00.47&#xA;&lt; Exit [It] GET request to blob URL from prior request should yield 200 or 404 based on response code - /Users/estebangarcia/workspace/distribution-spec/conformance/02_push_test.go:85 @ 03/04/25 16:19:01.135 (665ms)&#xA;&gt; Enter [ReportAfterEach] TOP-LEVEL - /Users/estebangarcia/workspace/distribution-spec/conformance/00_conformance_suite_test.go:23 @ 03/04/25 16:19:01.135&#xA;&lt; Exit [ReportAfterEach] TOP-LEVEL - /Users/estebangarcia/workspace/distribution-spec/conformance/00_conformance_suite_test.go:23 @ 03/04/25 16:19:01.135 (0s)&#xA;</system-err>
          </testcase>
          <testcase name="OCI Distribution Conformance Tests Push Blob Upload Monolithic POST request should yield a session ID" classname="conformance tests" status="passed" time="0.594857917">
              <system-err>&gt; Enter [It] POST request should yield a session ID - /Users/estebangarcia/workspace/distribution-spec/conformance/02_push_test.go:98 @ 03/04/25 16:19:01.135&#xA;&lt; Exit [It] POST request should yield a session ID - /Users/estebangarcia/workspace/distribution-spec/conformance/02_push_test.go:98 @ 03/04/25 16:19:01.73 (595ms)&#xA;&gt; Enter [ReportAfterEach] TOP-LEVEL - /Users/estebangarcia/workspace/distribution-spec/conformance/00_conformance_suite_test.go:23 @ 03/04/25 16:19:01.73&#xA;&lt; Exit [ReportAfterEach] TOP-LEVEL - /Users/estebangarcia/workspace/distribution-spec/conformance/00_conformance_suite_test.go:23 @ 03/04/25 16:19:01.73 (0s)&#xA;</system-err>
          </testcase>
          <testcase name="OCI Distribution Conformance Tests Push Blob Upload Monolithic PUT upload of a blob should yield a 201 Response" classname="conformance tests" status="passed" time="1.1914747079999999">
              <system-err>&gt; Enter [It] PUT upload of a blob should yield a 201 Response - /Users/estebangarcia/workspace/distribution-spec/conformance/02_push_test.go:107 @ 03/04/25 16:19:01.73&#xA;&lt; Exit [It] PUT upload of a blob should yield a 201 Response - /Users/estebangarcia/workspace/distribution-spec/conformance/02_push_test.go:107 @ 03/04/25 16:19:02.922 (1.191s)&#xA;&gt; Enter [ReportAfterEach] TOP-LEVEL - /Users/estebangarcia/workspace/distribution-spec/conformance/00_conformance_suite_test.go:23 @ 03/04/25 16:19:02.922&#xA;&lt; Exit [ReportAfterEach] TOP-LEVEL - /Users/estebangarcia/workspace/distribution-spec/conformance/00_conformance_suite_test.go:23 @ 03/04/25 16:19:02.922 (0s)&#xA;</system-err>
          </testcase>
          <testcase name="OCI Distribution Conformance Tests Push Blob Upload Monolithic GET request to existing blob should yield 200 response" classname="conformance tests" status="passed" time="0.507922583">
              <system-err>&gt; Enter [It] GET request to existing blob should yield 200 response - /Users/estebangarcia/workspace/distribution-spec/conformance/02_push_test.go:121 @ 03/04/25 16:19:02.922&#xA;&lt; Exit [It] GET request to existing blob should yield 200 response - /Users/estebangarcia/workspace/distribution-spec/conformance/02_push_test.go:121 @ 03/04/25 16:19:03.43 (508ms)&#xA;&gt; Enter [ReportAfterEach] TOP-LEVEL - /Users/estebangarcia/workspace/distribution-spec/conformance/00_conformance_suite_test.go:23 @ 03/04/25 16:19:03.43&#xA;&lt; Exit [ReportAfterEach] TOP-LEVEL - /Users/estebangarcia/workspace/distribution-spec/conformance/00_conformance_suite_test.go:23 @ 03/04/25 16:19:03.43 (0s)&#xA;</system-err>
          </testcase>
          <testcase name="OCI Distribution Conformance Tests Push Blob Upload Monolithic PUT upload of a layer blob should yield a 201 Response" classname="conformance tests" status="passed" time="1.653576958">
              <system-err>&gt; Enter [It] PUT upload of a layer blob should yield a 201 Response - /Users/estebangarcia/workspace/distribution-spec/conformance/02_push_test.go:129 @ 03/04/25 16:19:03.43&#xA;&lt; Exit [It] PUT upload of a layer blob should yield a 201 Response - /Users/estebangarcia/workspace/distribution-spec/conformance/02_push_test.go:129 @ 03/04/25 16:19:05.083 (1.654s)&#xA;&gt; Enter [ReportAfterEach] TOP-LEVEL - /Users/estebangarcia/workspace/distribution-spec/conformance/00_conformance_suite_test.go:23 @ 03/04/25 16:19:05.083&#xA;&lt; Exit [ReportAfterEach] TOP-LEVEL - /Users/estebangarcia/workspace/distribution-spec/conformance/00_conformance_suite_test.go:23 @ 03/04/25 16:19:05.083 (0s)&#xA;</system-err>
          </testcase>
          <testcase name="OCI Distribution Conformance Tests Push Blob Upload Monolithic GET request to existing layer should yield 200 response" classname="conformance tests" status="passed" time="0.684354125">
              <system-err>&gt; Enter [It] GET request to existing layer should yield 200 response - /Users/estebangarcia/workspace/distribution-spec/conformance/02_push_test.go:146 @ 03/04/25 16:19:05.083&#xA;&lt; Exit [It] GET request to existing layer should yield 200 response - /Users/estebangarcia/workspace/distribution-spec/conformance/02_push_test.go:146 @ 03/04/25 16:19:05.768 (684ms)&#xA;&gt; Enter [ReportAfterEach] TOP-LEVEL - /Users/estebangarcia/workspace/distribution-spec/conformance/00_conformance_suite_test.go:23 @ 03/04/25 16:19:05.768&#xA;&lt; Exit [ReportAfterEach] TOP-LEVEL - /Users/estebangarcia/workspace/distribution-spec/conformance/00_conformance_suite_test.go:23 @ 03/04/25 16:19:05.768 (0s)&#xA;</system-err>
          </testcase>
          <testcase name="OCI Distribution Conformance Tests Push Blob Upload Chunked Out-of-order blob upload should return 416" classname="conformance tests" status="passed" time="1.418160458">
              <system-err>&gt; Enter [It] Out-of-order blob upload should return 416 - /Users/estebangarcia/workspace/distribution-spec/conformance/02_push_test.go:156 @ 03/04/25 16:19:05.768&#xA;&lt; Exit [It] Out-of-order blob upload should return 416 - /Users/estebangarcia/workspace/distribution-spec/conformance/02_push_test.go:156 @ 03/04/25 16:19:07.186 (1.418s)&#xA;&gt; Enter [ReportAfterEach] TOP-LEVEL - /Users/estebangarcia/workspace/distribution-spec/conformance/00_conformance_suite_test.go:23 @ 03/04/25 16:19:07.186&#xA;&lt; Exit [ReportAfterEach] TOP-LEVEL - /Users/estebangarcia/workspace/distribution-spec/conformance/00_conformance_suite_test.go:23 @ 03/04/25 16:19:07.186 (0s)&#xA;</system-err>
          </testcase>
          <testcase name="OCI Distribution Conformance Tests Push Blob Upload Chunked PATCH request with first chunk should return 202" classname="conformance tests" status="passed" time="2.547145166">
              <system-err>&gt; Enter [It] PATCH request with first chunk should return 202 - /Users/estebangarcia/workspace/distribution-spec/conformance/02_push_test.go:185 @ 03/04/25 16:19:07.186&#xA;&lt; Exit [It] PATCH request with first chunk should return 202 - /Users/estebangarcia/workspace/distribution-spec/conformance/02_push_test.go:185 @ 03/04/25 16:19:09.733 (2.547s)&#xA;&gt; Enter [ReportAfterEach] TOP-LEVEL - /Users/estebangarcia/workspace/distribution-spec/conformance/00_conformance_suite_test.go:23 @ 03/04/25 16:19:09.733&#xA;&lt; Exit [ReportAfterEach] TOP-LEVEL - /Users/estebangarcia/workspace/distribution-spec/conformance/00_conformance_suite_test.go:23 @ 03/04/25 16:19:09.734 (0s)&#xA;</system-err>
          </testcase>
          <testcase name="OCI Distribution Conformance Tests Push Blob Upload Chunked Retry previous blob chunk should return 416" classname="conformance tests" status="passed" time="1.017392458">
              <system-err>&gt; Enter [It] Retry previous blob chunk should return 416 - /Users/estebangarcia/workspace/distribution-spec/conformance/02_push_test.go:206 @ 03/04/25 16:19:09.734&#xA;&lt; Exit [It] Retry previous blob chunk should return 416 - /Users/estebangarcia/workspace/distribution-spec/conformance/02_push_test.go:206 @ 03/04/25 16:19:10.751 (1.017s)&#xA;&gt; Enter [ReportAfterEach] TOP-LEVEL - /Users/estebangarcia/workspace/distribution-spec/conformance/00_conformance_suite_test.go:23 @ 03/04/25 16:19:10.751&#xA;&lt; Exit [ReportAfterEach] TOP-LEVEL - /Users/estebangarcia/workspace/distribution-spec/conformance/00_conformance_suite_test.go:23 @ 03/04/25 16:19:10.751 (0s)&#xA;</system-err>
          </testcase>
          <testcase name="OCI Distribution Conformance Tests Push Blob Upload Chunked Get on stale blob upload should return 204 with a range and location" classname="conformance tests" status="passed" time="0.619507542">
              <system-err>&gt; Enter [It] Get on stale blob upload should return 204 with a range and location - /Users/estebangarcia/workspace/distribution-spec/conformance/02_push_test.go:218 @ 03/04/25 16:19:10.751&#xA;&lt; Exit [It] Get on stale blob upload should return 204 with a range and location - /Users/estebangarcia/workspace/distribution-spec/conformance/02_push_test.go:218 @ 03/04/25 16:19:11.371 (619ms)&#xA;&gt; Enter [ReportAfterEach] TOP-LEVEL - /Users/estebangarcia/workspace/distribution-spec/conformance/00_conformance_suite_test.go:23 @ 03/04/25 16:19:11.371&#xA;&lt; Exit [ReportAfterEach] TOP-LEVEL - /Users/estebangarcia/workspace/distribution-spec/conformance/00_conformance_suite_test.go:23 @ 03/04/25 16:19:11.371 (0s)&#xA;</system-err>
          </testcase>
          <testcase name="OCI Distribution Conformance Tests Push Blob Upload Chunked PATCH request with second chunk should return 202" classname="conformance tests" status="passed" time="2.7943613750000003">
              <system-err>&gt; Enter [It] PATCH request with second chunk should return 202 - /Users/estebangarcia/workspace/distribution-spec/conformance/02_push_test.go:229 @ 03/04/25 16:19:11.371&#xA;&lt; Exit [It] PATCH request with second chunk should return 202 - /Users/estebangarcia/workspace/distribution-spec/conformance/02_push_test.go:229 @ 03/04/25 16:19:14.165 (2.794s)&#xA;&gt; Enter [ReportAfterEach] TOP-LEVEL - /Users/estebangarcia/workspace/distribution-spec/conformance/00_conformance_suite_test.go:23 @ 03/04/25 16:19:14.165&#xA;&lt; Exit [ReportAfterEach] TOP-LEVEL - /Users/estebangarcia/workspace/distribution-spec/conformance/00_conformance_suite_test.go:23 @ 03/04/25 16:19:14.165 (0s)&#xA;</system-err>
          </testcase>
          <testcase name="OCI Distribution Conformance Tests Push Blob Upload Chunked PUT request with digest should return 201" classname="conformance tests" status="passed" time="0.788171375">
              <system-err>&gt; Enter [It] PUT request with digest should return 201 - /Users/estebangarcia/workspace/distribution-spec/conformance/02_push_test.go:244 @ 03/04/25 16:19:14.165&#xA;&lt; Exit [It] PUT request with digest should return 201 - /Users/estebangarcia/workspace/distribution-spec/conformance/02_push_test.go:244 @ 03/04/25 16:19:14.954 (788ms)&#xA;&gt; Enter [ReportAfterEach] TOP-LEVEL - /Users/estebangarcia/workspace/distribution-spec/conformance/00_conformance_suite_test.go:23 @ 03/04/25 16:19:14.954&#xA;&lt; Exit [ReportAfterEach] TOP-LEVEL - /Users/estebangarcia/workspace/distribution-spec/conformance/00_conformance_suite_test.go:23 @ 03/04/25 16:19:14.954 (0s)&#xA;</system-err>
          </testcase>
          <testcase name="OCI Distribution Conformance Tests Push Cross-Repository Blob Mount Cross-mounting of a blob without the from argument should yield session id" classname="conformance tests" status="passed" time="0.544781833">
              <system-err>&gt; Enter [It] Cross-mounting of a blob without the from argument should yield session id - /Users/estebangarcia/workspace/distribution-spec/conformance/02_push_test.go:259 @ 03/04/25 16:19:14.954&#xA;&lt; Exit [It] Cross-mounting of a blob without the from argument should yield session id - /Users/estebangarcia/workspace/distribution-spec/conformance/02_push_test.go:259 @ 03/04/25 16:19:15.499 (545ms)&#xA;&gt; Enter [ReportAfterEach] TOP-LEVEL - /Users/estebangarcia/workspace/distribution-spec/conformance/00_conformance_suite_test.go:23 @ 03/04/25 16:19:15.499&#xA;&lt; Exit [ReportAfterEach] TOP-LEVEL - /Users/estebangarcia/workspace/distribution-spec/conformance/00_conformance_suite_test.go:23 @ 03/04/25 16:19:15.499 (0s)&#xA;</system-err>
          </testcase>
          <testcase name="OCI Distribution Conformance Tests Push Cross-Repository Blob Mount POST request to mount another repository&#39;s blob should return 201 or 202" classname="conformance tests" status="passed" time="0.55019">
              <system-err>&gt; Enter [It] POST request to mount another repository&#39;s blob should return 201 or 202 - /Users/estebangarcia/workspace/distribution-spec/conformance/02_push_test.go:270 @ 03/04/25 16:19:15.499&#xA;&lt; Exit [It] POST request to mount another repository&#39;s blob should return 201 or 202 - /Users/estebangarcia/workspace/distribution-spec/conformance/02_push_test.go:270 @ 03/04/25 16:19:16.049 (550ms)&#xA;&gt; Enter [ReportAfterEach] TOP-LEVEL - /Users/estebangarcia/workspace/distribution-spec/conformance/00_conformance_suite_test.go:23 @ 03/04/25 16:19:16.049&#xA;&lt; Exit [ReportAfterEach] TOP-LEVEL - /Users/estebangarcia/workspace/distribution-spec/conformance/00_conformance_suite_test.go:23 @ 03/04/25 16:19:16.049 (0s)&#xA;</system-err>
          </testcase>
          <testcase name="OCI Distribution Conformance Tests Push Cross-Repository Blob Mount GET request to test digest within cross-mount namespace should return 200" classname="conformance tests" status="skipped" time="0.000685333">
              <skipped message="skipped - you have skipped this test."></skipped>
              <system-err>&gt; Enter [It] GET request to test digest within cross-mount namespace should return 200 - /Users/estebangarcia/workspace/distribution-spec/conformance/02_push_test.go:285 @ 03/04/25 16:19:16.049&#xA;[SKIPPED] you have skipped this test.&#xA;In [It] at: /Users/estebangarcia/workspace/distribution-spec/conformance/setup.go:585 @ 03/04/25 16:19:16.05&#xA;&lt; Exit [It] GET request to test digest within cross-mount namespace should return 200 - /Users/estebangarcia/workspace/distribution-spec/conformance/02_push_test.go:285 @ 03/04/25 16:19:16.05 (1ms)&#xA;&gt; Enter [ReportAfterEach] TOP-LEVEL - /Users/estebangarcia/workspace/distribution-spec/conformance/00_conformance_suite_test.go:23 @ 03/04/25 16:19:16.05&#xA;&lt; Exit [ReportAfterEach] TOP-LEVEL - /Users/estebangarcia/workspace/distribution-spec/conformance/00_conformance_suite_test.go:23 @ 03/04/25 16:19:16.05 (0s)&#xA;</system-err>
          </testcase>
          <testcase name="OCI Distribution Conformance Tests Push Cross-Repository Blob Mount Cross-mounting of nonexistent blob should yield session id" classname="conformance tests" status="passed" time="7.0625e-05">
              <system-err>&gt; Enter [It] Cross-mounting of nonexistent blob should yield session id - /Users/estebangarcia/workspace/distribution-spec/conformance/02_push_test.go:295 @ 03/04/25 16:19:16.05&#xA;&lt; Exit [It] Cross-mounting of nonexistent blob should yield session id - /Users/estebangarcia/workspace/distribution-spec/conformance/02_push_test.go:295 @ 03/04/25 16:19:16.05 (0s)&#xA;&gt; Enter [ReportAfterEach] TOP-LEVEL - /Users/estebangarcia/workspace/distribution-spec/conformance/00_conformance_suite_test.go:23 @ 03/04/25 16:19:16.05&#xA;&lt; Exit [ReportAfterEach] TOP-LEVEL - /Users/estebangarcia/workspace/distribution-spec/conformance/00_conformance_suite_test.go:23 @ 03/04/25 16:19:16.051 (1ms)&#xA;</system-err>
          </testcase>
          <testcase name="OCI Distribution Conformance Tests Push Cross-Repository Blob Mount Cross-mounting without from, and automatic content discovery enabled should return a 201" classname="conformance tests" status="skipped" time="0.0001525">
              <skipped message="skipped - you have skipped this test."></skipped>
              <system-err>&gt; Enter [It] Cross-mounting without from, and automatic content discovery enabled should return a 201 - /Users/estebangarcia/workspace/distribution-spec/conformance/02_push_test.go:301 @ 03/04/25 16:19:16.051&#xA;[SKIPPED] you have skipped this test.&#xA;In [It] at: /Users/estebangarcia/workspace/distribution-spec/conformance/setup.go:585 @ 03/04/25 16:19:16.052&#xA;&lt; Exit [It] Cross-mounting without from, and automatic content discovery enabled should return a 201 - /Users/estebangarcia/workspace/distribution-spec/conformance/02_push_test.go:301 @ 03/04/25 16:19:16.052 (0s)&#xA;&gt; Enter [ReportAfterEach] TOP-LEVEL - /Users/estebangarcia/workspace/distribution-spec/conformance/00_conformance_suite_test.go:23 @ 03/04/25 16:19:16.052&#xA;&lt; Exit [ReportAfterEach] TOP-LEVEL - /Users/estebangarcia/workspace/distribution-spec/conformance/00_conformance_suite_test.go:23 @ 03/04/25 16:19:16.052 (0s)&#xA;</system-err>
          </testcase>
          <testcase name="OCI Distribution Conformance Tests Push Cross-Repository Blob Mount Cross-mounting without from, and automatic content discovery disabled should return a 202" classname="conformance tests" status="skipped" time="0.000715042">
              <skipped message="skipped - you have skipped this test."></skipped>
              <system-err>&gt; Enter [It] Cross-mounting without from, and automatic content discovery disabled should return a 202 - /Users/estebangarcia/workspace/distribution-spec/conformance/02_push_test.go:314 @ 03/04/25 16:19:16.052&#xA;[SKIPPED] you have skipped this test.&#xA;In [It] at: /Users/estebangarcia/workspace/distribution-spec/conformance/setup.go:585 @ 03/04/25 16:19:16.052&#xA;&lt; Exit [It] Cross-mounting without from, and automatic content discovery disabled should return a 202 - /Users/estebangarcia/workspace/distribution-spec/conformance/02_push_test.go:314 @ 03/04/25 16:19:16.052 (1ms)&#xA;&gt; Enter [ReportAfterEach] TOP-LEVEL - /Users/estebangarcia/workspace/distribution-spec/conformance/00_conformance_suite_test.go:23 @ 03/04/25 16:19:16.052&#xA;&lt; Exit [ReportAfterEach] TOP-LEVEL - /Users/estebangarcia/workspace/distribution-spec/conformance/00_conformance_suite_test.go:23 @ 03/04/25 16:19:16.052 (0s)&#xA;</system-err>
          </testcase>
          <testcase name="OCI Distribution Conformance Tests Push Manifest Upload GET nonexistent manifest should return 404" classname="conformance tests" status="passed" time="0.967922875">
              <system-err>&gt; Enter [It] GET nonexistent manifest should return 404 - /Users/estebangarcia/workspace/distribution-spec/conformance/02_push_test.go:329 @ 03/04/25 16:19:16.052&#xA;&lt; Exit [It] GET nonexistent manifest should return 404 - /Users/estebangarcia/workspace/distribution-spec/conformance/02_push_test.go:329 @ 03/04/25 16:19:17.02 (968ms)&#xA;&gt; Enter [ReportAfterEach] TOP-LEVEL - /Users/estebangarcia/workspace/distribution-spec/conformance/00_conformance_suite_test.go:23 @ 03/04/25 16:19:17.02&#xA;&lt; Exit [ReportAfterEach] TOP-LEVEL - /Users/estebangarcia/workspace/distribution-spec/conformance/00_conformance_suite_test.go:23 @ 03/04/25 16:19:17.02 (0s)&#xA;</system-err>
          </testcase>
          <testcase name="OCI Distribution Conformance Tests Push Manifest Upload PUT should accept a manifest upload" classname="conformance tests" status="passed" time="2.368504791">
              <system-err>&gt; Enter [It] PUT should accept a manifest upload - /Users/estebangarcia/workspace/distribution-spec/conformance/02_push_test.go:338 @ 03/04/25 16:19:17.021&#xA;&lt; Exit [It] PUT should accept a manifest upload - /Users/estebangarcia/workspace/distribution-spec/conformance/02_push_test.go:338 @ 03/04/25 16:19:19.389 (2.368s)&#xA;&gt; Enter [ReportAfterEach] TOP-LEVEL - /Users/estebangarcia/workspace/distribution-spec/conformance/00_conformance_suite_test.go:23 @ 03/04/25 16:19:19.389&#xA;&lt; Exit [ReportAfterEach] TOP-LEVEL - /Users/estebangarcia/workspace/distribution-spec/conformance/00_conformance_suite_test.go:23 @ 03/04/25 16:19:19.389 (0s)&#xA;</system-err>
          </testcase>
          <testcase name="OCI Distribution Conformance Tests Push Manifest Upload Registry should accept a manifest upload with no layers" classname="conformance tests" status="passed" time="0.462391125">
              <system-err>&gt; Enter [It] Registry should accept a manifest upload with no layers - /Users/estebangarcia/workspace/distribution-spec/conformance/02_push_test.go:354 @ 03/04/25 16:19:19.389&#xA;&lt; Exit [It] Registry should accept a manifest upload with no layers - /Users/estebangarcia/workspace/distribution-spec/conformance/02_push_test.go:354 @ 03/04/25 16:19:19.852 (462ms)&#xA;&gt; Enter [ReportAfterEach] TOP-LEVEL - /Users/estebangarcia/workspace/distribution-spec/conformance/00_conformance_suite_test.go:23 @ 03/04/25 16:19:19.852&#xA;&lt; Exit [ReportAfterEach] TOP-LEVEL - /Users/estebangarcia/workspace/distribution-spec/conformance/00_conformance_suite_test.go:23 @ 03/04/25 16:19:19.852 (0s)&#xA;</system-err>
          </testcase>
          <testcase name="OCI Distribution Conformance Tests Push Manifest Upload GET request to manifest URL (digest) should yield 200 response" classname="conformance tests" status="passed" time="0.588649541">
              <system-err>&gt; Enter [It] GET request to manifest URL (digest) should yield 200 response - /Users/estebangarcia/workspace/distribution-spec/conformance/02_push_test.go:372 @ 03/04/25 16:19:19.852&#xA;&lt; Exit [It] GET request to manifest URL (digest) should yield 200 response - /Users/estebangarcia/workspace/distribution-spec/conformance/02_push_test.go:372 @ 03/04/25 16:19:20.441 (589ms)&#xA;&gt; Enter [ReportAfterEach] TOP-LEVEL - /Users/estebangarcia/workspace/distribution-spec/conformance/00_conformance_suite_test.go:23 @ 03/04/25 16:19:20.441&#xA;&lt; Exit [ReportAfterEach] TOP-LEVEL - /Users/estebangarcia/workspace/distribution-spec/conformance/00_conformance_suite_test.go:23 @ 03/04/25 16:19:20.441 (0s)&#xA;</system-err>
          </testcase>
          <testcase name="OCI Distribution Conformance Tests Push Teardown Delete config blob created in tests" classname="conformance tests" status="passed" time="0.515385125">
              <system-err>&gt; Enter [It] Delete config blob created in tests - /Users/estebangarcia/workspace/distribution-spec/conformance/02_push_test.go:412 @ 03/04/25 16:19:20.441&#xA;&lt; Exit [It] Delete config blob created in tests - /Users/estebangarcia/workspace/distribution-spec/conformance/02_push_test.go:412 @ 03/04/25 16:19:20.956 (515ms)&#xA;&gt; Enter [ReportAfterEach] TOP-LEVEL - /Users/estebangarcia/workspace/distribution-spec/conformance/00_conformance_suite_test.go:23 @ 03/04/25 16:19:20.956&#xA;&lt; Exit [ReportAfterEach] TOP-LEVEL - /Users/estebangarcia/workspace/distribution-spec/conformance/00_conformance_suite_test.go:23 @ 03/04/25 16:19:20.956 (0s)&#xA;</system-err>
          </testcase>
          <testcase name="OCI Distribution Conformance Tests Push Teardown Delete layer blob created in setup" classname="conformance tests" status="passed" time="0.537091709">
              <system-err>&gt; Enter [It] Delete layer blob created in setup - /Users/estebangarcia/workspace/distribution-spec/conformance/02_push_test.go:428 @ 03/04/25 16:19:20.956&#xA;&lt; Exit [It] Delete layer blob created in setup - /Users/estebangarcia/workspace/distribution-spec/conformance/02_push_test.go:428 @ 03/04/25 16:19:21.493 (537ms)&#xA;&gt; Enter [ReportAfterEach] TOP-LEVEL - /Users/estebangarcia/workspace/distribution-spec/conformance/00_conformance_suite_test.go:23 @ 03/04/25 16:19:21.493&#xA;&lt; Exit [ReportAfterEach] TOP-LEVEL - /Users/estebangarcia/workspace/distribution-spec/conformance/00_conformance_suite_test.go:23 @ 03/04/25 16:19:21.493 (0s)&#xA;</system-err>
          </testcase>
          <testcase name="OCI Distribution Conformance Tests Push Teardown Delete manifest created in tests" classname="conformance tests" status="passed" time="6.341219208">
              <system-err>&gt; Enter [It] Delete manifest created in tests - /Users/estebangarcia/workspace/distribution-spec/conformance/02_push_test.go:445 @ 03/04/25 16:19:21.493&#xA;&lt; Exit [It] Delete manifest created in tests - /Users/estebangarcia/workspace/distribution-spec/conformance/02_push_test.go:445 @ 03/04/25 16:19:27.834 (6.341s)&#xA;&gt; Enter [ReportAfterEach] TOP-LEVEL - /Users/estebangarcia/workspace/distribution-spec/conformance/00_conformance_suite_test.go:23 @ 03/04/25 16:19:27.835&#xA;&lt; Exit [ReportAfterEach] TOP-LEVEL - /Users/estebangarcia/workspace/distribution-spec/conformance/00_conformance_suite_test.go:23 @ 03/04/25 16:19:27.835 (0s)&#xA;</system-err>
          </testcase>
          <testcase name="OCI Distribution Conformance Tests Content Discovery Setup Populate registry with test blob" classname="conformance tests" status="passed" time="1.8362767500000001">
              <system-err>&gt; Enter [It] Populate registry with test blob - /Users/estebangarcia/workspace/distribution-spec/conformance/03_discovery_test.go:24 @ 03/04/25 16:19:27.835&#xA;&lt; Exit [It] Populate registry with test blob - /Users/estebangarcia/workspace/distribution-spec/conformance/03_discovery_test.go:24 @ 03/04/25 16:19:29.671 (1.836s)&#xA;&gt; Enter [ReportAfterEach] TOP-LEVEL - /Users/estebangarcia/workspace/distribution-spec/conformance/00_conformance_suite_test.go:23 @ 03/04/25 16:19:29.671&#xA;&lt; Exit [ReportAfterEach] TOP-LEVEL - /Users/estebangarcia/workspace/distribution-spec/conformance/00_conformance_suite_test.go:23 @ 03/04/25 16:19:29.671 (0s)&#xA;</system-err>
          </testcase>
          <testcase name="OCI Distribution Conformance Tests Content Discovery Setup Populate registry with test layer" classname="conformance tests" status="passed" time="1.715737209">
              <system-err>&gt; Enter [It] Populate registry with test layer - /Users/estebangarcia/workspace/distribution-spec/conformance/03_discovery_test.go:42 @ 03/04/25 16:19:29.671&#xA;&lt; Exit [It] Populate registry with test layer - /Users/estebangarcia/workspace/distribution-spec/conformance/03_discovery_test.go:42 @ 03/04/25 16:19:31.387 (1.716s)&#xA;&gt; Enter [ReportAfterEach] TOP-LEVEL - /Users/estebangarcia/workspace/distribution-spec/conformance/00_conformance_suite_test.go:23 @ 03/04/25 16:19:31.387&#xA;&lt; Exit [ReportAfterEach] TOP-LEVEL - /Users/estebangarcia/workspace/distribution-spec/conformance/00_conformance_suite_test.go:23 @ 03/04/25 16:19:31.387 (0s)&#xA;</system-err>
          </testcase>
          <testcase name="OCI Distribution Conformance Tests Content Discovery Setup Populate registry with test tags" classname="conformance tests" status="passed" time="2.717395917">
              <system-err>&gt; Enter [It] Populate registry with test tags - /Users/estebangarcia/workspace/distribution-spec/conformance/03_discovery_test.go:60 @ 03/04/25 16:19:31.387&#xA;&lt; Exit [It] Populate registry with test tags - /Users/estebangarcia/workspace/distribution-spec/conformance/03_discovery_test.go:60 @ 03/04/25 16:19:34.105 (2.717s)&#xA;&gt; Enter [ReportAfterEach] TOP-LEVEL - /Users/estebangarcia/workspace/distribution-spec/conformance/00_conformance_suite_test.go:23 @ 03/04/25 16:19:34.105&#xA;&lt; Exit [ReportAfterEach] TOP-LEVEL - /Users/estebangarcia/workspace/distribution-spec/conformance/00_conformance_suite_test.go:23 @ 03/04/25 16:19:34.105 (0s)&#xA;</system-err>
          </testcase>
          <testcase name="OCI Distribution Conformance Tests Content Discovery Setup Populate registry with test tags (no push)" classname="conformance tests" status="skipped" time="0.00037575">
              <skipped message="skipped - you have skipped this test."></skipped>
              <system-err>&gt; Enter [It] Populate registry with test tags (no push) - /Users/estebangarcia/workspace/distribution-spec/conformance/03_discovery_test.go:82 @ 03/04/25 16:19:34.105&#xA;[SKIPPED] you have skipped this test.&#xA;In [It] at: /Users/estebangarcia/workspace/distribution-spec/conformance/setup.go:591 @ 03/04/25 16:19:34.105&#xA;&lt; Exit [It] Populate registry with test tags (no push) - /Users/estebangarcia/workspace/distribution-spec/conformance/03_discovery_test.go:82 @ 03/04/25 16:19:34.105 (0s)&#xA;&gt; Enter [ReportAfterEach] TOP-LEVEL - /Users/estebangarcia/workspace/distribution-spec/conformance/00_conformance_suite_test.go:23 @ 03/04/25 16:19:34.106&#xA;&lt; Exit [ReportAfterEach] TOP-LEVEL - /Users/estebangarcia/workspace/distribution-spec/conformance/00_conformance_suite_test.go:23 @ 03/04/25 16:19:34.106 (0s)&#xA;</system-err>
          </testcase>
          <testcase name="OCI Distribution Conformance Tests Content Discovery Setup References setup" classname="conformance tests" status="passed" time="12.655239458">
              <system-err>&gt; Enter [It] References setup - /Users/estebangarcia/workspace/distribution-spec/conformance/03_discovery_test.go:88 @ 03/04/25 16:19:34.106&#xA;&lt; Exit [It] References setup - /Users/estebangarcia/workspace/distribution-spec/conformance/03_discovery_test.go:88 @ 03/04/25 16:19:46.761 (12.655s)&#xA;&gt; Enter [ReportAfterEach] TOP-LEVEL - /Users/estebangarcia/workspace/distribution-spec/conformance/00_conformance_suite_test.go:23 @ 03/04/25 16:19:46.761&#xA;&lt; Exit [ReportAfterEach] TOP-LEVEL - /Users/estebangarcia/workspace/distribution-spec/conformance/00_conformance_suite_test.go:23 @ 03/04/25 16:19:46.761 (0s)&#xA;</system-err>
          </testcase>
          <testcase name="OCI Distribution Conformance Tests Content Discovery Test content discovery endpoints (listing tags) GET request to list tags should yield 200 response" classname="conformance tests" status="passed" time="0.464613916">
              <system-err>&gt; Enter [It] GET request to list tags should yield 200 response - /Users/estebangarcia/workspace/distribution-spec/conformance/03_discovery_test.go:256 @ 03/04/25 16:19:46.761&#xA;&lt; Exit [It] GET request to list tags should yield 200 response - /Users/estebangarcia/workspace/distribution-spec/conformance/03_discovery_test.go:256 @ 03/04/25 16:19:47.226 (465ms)&#xA;&gt; Enter [ReportAfterEach] TOP-LEVEL - /Users/estebangarcia/workspace/distribution-spec/conformance/00_conformance_suite_test.go:23 @ 03/04/25 16:19:47.226&#xA;&lt; Exit [ReportAfterEach] TOP-LEVEL - /Users/estebangarcia/workspace/distribution-spec/conformance/00_conformance_suite_test.go:23 @ 03/04/25 16:19:47.226 (0s)&#xA;</system-err>
          </testcase>
          <testcase name="OCI Distribution Conformance Tests Content Discovery Test content discovery endpoints (listing tags) GET number of tags should be limitable by `n` query parameter" classname="conformance tests" status="passed" time="0.505781708">
              <system-err>&gt; Enter [It] GET number of tags should be limitable by `n` query parameter - /Users/estebangarcia/workspace/distribution-spec/conformance/03_discovery_test.go:266 @ 03/04/25 16:19:47.226&#xA;&lt; Exit [It] GET number of tags should be limitable by `n` query parameter - /Users/estebangarcia/workspace/distribution-spec/conformance/03_discovery_test.go:266 @ 03/04/25 16:19:47.732 (506ms)&#xA;&gt; Enter [ReportAfterEach] TOP-LEVEL - /Users/estebangarcia/workspace/distribution-spec/conformance/00_conformance_suite_test.go:23 @ 03/04/25 16:19:47.732&#xA;&lt; Exit [ReportAfterEach] TOP-LEVEL - /Users/estebangarcia/workspace/distribution-spec/conformance/00_conformance_suite_test.go:23 @ 03/04/25 16:19:47.732 (0s)&#xA;</system-err>
          </testcase>
          <testcase name="OCI Distribution Conformance Tests Content Discovery Test content discovery endpoints (listing tags) GET start of tag is set by `last` query parameter" classname="conformance tests" status="passed" time="0.928985375">
              <system-err>&gt; Enter [It] GET start of tag is set by `last` query parameter - /Users/estebangarcia/workspace/distribution-spec/conformance/03_discovery_test.go:279 @ 03/04/25 16:19:47.732&#xA;&lt; Exit [It] GET start of tag is set by `last` query parameter - /Users/estebangarcia/workspace/distribution-spec/conformance/03_discovery_test.go:279 @ 03/04/25 16:19:48.661 (929ms)&#xA;&gt; Enter [ReportAfterEach] TOP-LEVEL - /Users/estebangarcia/workspace/distribution-spec/conformance/00_conformance_suite_test.go:23 @ 03/04/25 16:19:48.661&#xA;&lt; Exit [ReportAfterEach] TOP-LEVEL - /Users/estebangarcia/workspace/distribution-spec/conformance/00_conformance_suite_test.go:23 @ 03/04/25 16:19:48.661 (0s)&#xA;</system-err>
          </testcase>
          <testcase name="OCI Distribution Conformance Tests Content Discovery Test content discovery endpoints (listing references) GET request to nonexistent blob should result in empty 200 response" classname="conformance tests" status="passed" time="0.718726">
              <system-err>&gt; Enter [It] GET request to nonexistent blob should result in empty 200 response - /Users/estebangarcia/workspace/distribution-spec/conformance/03_discovery_test.go:300 @ 03/04/25 16:19:48.661&#xA;&lt; Exit [It] GET request to nonexistent blob should result in empty 200 response - /Users/estebangarcia/workspace/distribution-spec/conformance/03_discovery_test.go:300 @ 03/04/25 16:19:49.38 (719ms)&#xA;&gt; Enter [ReportAfterEach] TOP-LEVEL - /Users/estebangarcia/workspace/distribution-spec/conformance/00_conformance_suite_test.go:23 @ 03/04/25 16:19:49.38&#xA;&lt; Exit [ReportAfterEach] TOP-LEVEL - /Users/estebangarcia/workspace/distribution-spec/conformance/00_conformance_suite_test.go:23 @ 03/04/25 16:19:49.38 (0s)&#xA;</system-err>
          </testcase>
          <testcase name="OCI Distribution Conformance Tests Content Discovery Test content discovery endpoints (listing references) GET request to existing blob should yield 200" classname="conformance tests" status="passed" time="0.718296833">
              <system-err>&gt; Enter [It] GET request to existing blob should yield 200 - /Users/estebangarcia/workspace/distribution-spec/conformance/03_discovery_test.go:315 @ 03/04/25 16:19:49.381&#xA;&lt; Exit [It] GET request to existing blob should yield 200 - /Users/estebangarcia/workspace/distribution-spec/conformance/03_discovery_test.go:315 @ 03/04/25 16:19:50.099 (718ms)&#xA;&gt; Enter [ReportAfterEach] TOP-LEVEL - /Users/estebangarcia/workspace/distribution-spec/conformance/00_conformance_suite_test.go:23 @ 03/04/25 16:19:50.099&#xA;&lt; Exit [ReportAfterEach] TOP-LEVEL - /Users/estebangarcia/workspace/distribution-spec/conformance/00_conformance_suite_test.go:23 @ 03/04/25 16:19:50.101 (1ms)&#xA;</system-err>
          </testcase>
          <testcase name="OCI Distribution Conformance Tests Content Discovery Test content discovery endpoints (listing references) GET request to existing blob with filter should yield 200" classname="conformance tests" status="passed" time="0.743969958">
              <system-err>&gt; Enter [It] GET request to existing blob with filter should yield 200 - /Users/estebangarcia/workspace/distribution-spec/conformance/03_discovery_test.go:335 @ 03/04/25 16:19:50.101&#xA;&lt; Exit [It] GET request to existing blob with filter should yield 200 - /Users/estebangarcia/workspace/distribution-spec/conformance/03_discovery_test.go:335 @ 03/04/25 16:19:50.845 (744ms)&#xA;&gt; Enter [ReportAfterEach] TOP-LEVEL - /Users/estebangarcia/workspace/distribution-spec/conformance/00_conformance_suite_test.go:23 @ 03/04/25 16:19:50.845&#xA;&lt; Exit [ReportAfterEach] TOP-LEVEL - /Users/estebangarcia/workspace/distribution-spec/conformance/00_conformance_suite_test.go:23 @ 03/04/25 16:19:50.845 (0s)&#xA;</system-err>
          </testcase>
          <testcase name="OCI Distribution Conformance Tests Content Discovery Test content discovery endpoints (listing references) GET request to missing manifest should yield 200" classname="conformance tests" status="passed" time="0.827692209">
              <system-err>&gt; Enter [It] GET request to missing manifest should yield 200 - /Users/estebangarcia/workspace/distribution-spec/conformance/03_discovery_test.go:367 @ 03/04/25 16:19:50.845&#xA;&lt; Exit [It] GET request to missing manifest should yield 200 - /Users/estebangarcia/workspace/distribution-spec/conformance/03_discovery_test.go:367 @ 03/04/25 16:19:51.673 (828ms)&#xA;&gt; Enter [ReportAfterEach] TOP-LEVEL - /Users/estebangarcia/workspace/distribution-spec/conformance/00_conformance_suite_test.go:23 @ 03/04/25 16:19:51.673&#xA;&lt; Exit [ReportAfterEach] TOP-LEVEL - /Users/estebangarcia/workspace/distribution-spec/conformance/00_conformance_suite_test.go:23 @ 03/04/25 16:19:51.673 (0s)&#xA;</system-err>
          </testcase>
          <testcase name="OCI Distribution Conformance Tests Content Discovery Teardown Delete config blob created in tests" classname="conformance tests" status="passed" time="0.479619625">
              <system-err>&gt; Enter [It] Delete config blob created in tests - /Users/estebangarcia/workspace/distribution-spec/conformance/03_discovery_test.go:415 @ 03/04/25 16:19:51.673&#xA;&lt; Exit [It] Delete config blob created in tests - /Users/estebangarcia/workspace/distribution-spec/conformance/03_discovery_test.go:415 @ 03/04/25 16:19:52.152 (480ms)&#xA;&gt; Enter [ReportAfterEach] TOP-LEVEL - /Users/estebangarcia/workspace/distribution-spec/conformance/00_conformance_suite_test.go:23 @ 03/04/25 16:19:52.152&#xA;&lt; Exit [ReportAfterEach] TOP-LEVEL - /Users/estebangarcia/workspace/distribution-spec/conformance/00_conformance_suite_test.go:23 @ 03/04/25 16:19:52.153 (0s)&#xA;</system-err>
          </testcase>
          <testcase name="OCI Distribution Conformance Tests Content Discovery Teardown Delete layer blob created in setup" classname="conformance tests" status="passed" time="0.498394416">
              <system-err>&gt; Enter [It] Delete layer blob created in setup - /Users/estebangarcia/workspace/distribution-spec/conformance/03_discovery_test.go:431 @ 03/04/25 16:19:52.153&#xA;&lt; Exit [It] Delete layer blob created in setup - /Users/estebangarcia/workspace/distribution-spec/conformance/03_discovery_test.go:431 @ 03/04/25 16:19:52.651 (498ms)&#xA;&gt; Enter [ReportAfterEach] TOP-LEVEL - /Users/estebangarcia/workspace/distribution-spec/conformance/00_conformance_suite_test.go:23 @ 03/04/25 16:19:52.651&#xA;&lt; Exit [ReportAfterEach] TOP-LEVEL - /Users/estebangarcia/workspace/distribution-spec/conformance/00_conformance_suite_test.go:23 @ 03/04/25 16:19:52.651 (0s)&#xA;</system-err>
          </testcase>
          <testcase name="OCI Distribution Conformance Tests Content Discovery Teardown Delete created manifest &amp; associated tags" classname="conformance tests" status="passed" time="36.670871083">
              <system-err>&gt; Enter [It] Delete created manifest &amp; associated tags - /Users/estebangarcia/workspace/distribution-spec/conformance/03_discovery_test.go:448 @ 03/04/25 16:19:52.651&#xA;&lt; Exit [It] Delete created manifest &amp; associated tags - /Users/estebangarcia/workspace/distribution-spec/conformance/03_discovery_test.go:448 @ 03/04/25 16:20:29.322 (36.671s)&#xA;&gt; Enter [ReportAfterEach] TOP-LEVEL - /Users/estebangarcia/workspace/distribution-spec/conformance/00_conformance_suite_test.go:23 @ 03/04/25 16:20:29.322&#xA;&lt; Exit [ReportAfterEach] TOP-LEVEL - /Users/estebangarcia/workspace/distribution-spec/conformance/00_conformance_suite_test.go:23 @ 03/04/25 16:20:29.322 (0s)&#xA;</system-err>
          </testcase>
          <testcase name="OCI Distribution Conformance Tests Content Discovery Teardown References teardown" classname="conformance tests" status="passed" time="6.178158042">
              <system-err>&gt; Enter [It] References teardown - /Users/estebangarcia/workspace/distribution-spec/conformance/03_discovery_test.go:477 @ 03/04/25 16:20:29.323&#xA;&lt; Exit [It] References teardown - /Users/estebangarcia/workspace/distribution-spec/conformance/03_discovery_test.go:477 @ 03/04/25 16:20:35.501 (6.178s)&#xA;&gt; Enter [ReportAfterEach] TOP-LEVEL - /Users/estebangarcia/workspace/distribution-spec/conformance/00_conformance_suite_test.go:23 @ 03/04/25 16:20:35.501&#xA;&lt; Exit [ReportAfterEach] TOP-LEVEL - /Users/estebangarcia/workspace/distribution-spec/conformance/00_conformance_suite_test.go:23 @ 03/04/25 16:20:35.501 (0s)&#xA;</system-err>
          </testcase>
          <testcase name="OCI Distribution Conformance Tests Content Management Setup Populate registry with test config blob" classname="conformance tests" status="skipped" time="0.000886167">
              <skipped message="skipped - you have skipped this test; if this is an error, check your environment variable settings:&#xA;&#x9;OCI_TEST_PULL=1&#xA;&#x9;OCI_TEST_PUSH=1&#xA;&#x9;OCI_TEST_CONTENT_DISCOVERY=1&#xA;&#x9;OCI_TEST_CONTENT_MANAGEMENT=0&#xA;"></skipped>
              <system-err>&gt; Enter [It] Populate registry with test config blob - /Users/estebangarcia/workspace/distribution-spec/conformance/04_management_test.go:21 @ 03/04/25 16:20:35.501&#xA;[SKIPPED] you have skipped this test; if this is an error, check your environment variable settings:&#xA;&#x9;OCI_TEST_PULL=1&#xA;&#x9;OCI_TEST_PUSH=1&#xA;&#x9;OCI_TEST_CONTENT_DISCOVERY=1&#xA;&#x9;OCI_TEST_CONTENT_MANAGEMENT=0&#xA;In [It] at: /Users/estebangarcia/workspace/distribution-spec/conformance/setup.go:579 @ 03/04/25 16:20:35.502&#xA;&lt; Exit [It] Populate registry with test config blob - /Users/estebangarcia/workspace/distribution-spec/conformance/04_management_test.go:21 @ 03/04/25 16:20:35.502 (1ms)&#xA;&gt; Enter [ReportAfterEach] TOP-LEVEL - /Users/estebangarcia/workspace/distribution-spec/conformance/00_conformance_suite_test.go:23 @ 03/04/25 16:20:35.502&#xA;&lt; Exit [ReportAfterEach] TOP-LEVEL - /Users/estebangarcia/workspace/distribution-spec/conformance/00_conformance_suite_test.go:23 @ 03/04/25 16:20:35.502 (0s)&#xA;</system-err>
          </testcase>
          <testcase name="OCI Distribution Conformance Tests Content Management Setup Populate registry with test layer" classname="conformance tests" status="skipped" time="7.0875e-05">
              <skipped message="skipped - you have skipped this test; if this is an error, check your environment variable settings:&#xA;&#x9;OCI_TEST_PULL=1&#xA;&#x9;OCI_TEST_PUSH=1&#xA;&#x9;OCI_TEST_CONTENT_DISCOVERY=1&#xA;&#x9;OCI_TEST_CONTENT_MANAGEMENT=0&#xA;"></skipped>
              <system-err>&gt; Enter [It] Populate registry with test layer - /Users/estebangarcia/workspace/distribution-spec/conformance/04_management_test.go:39 @ 03/04/25 16:20:35.502&#xA;[SKIPPED] you have skipped this test; if this is an error, check your environment variable settings:&#xA;&#x9;OCI_TEST_PULL=1&#xA;&#x9;OCI_TEST_PUSH=1&#xA;&#x9;OCI_TEST_CONTENT_DISCOVERY=1&#xA;&#x9;OCI_TEST_CONTENT_MANAGEMENT=0&#xA;In [It] at: /Users/estebangarcia/workspace/distribution-spec/conformance/setup.go:579 @ 03/04/25 16:20:35.502&#xA;&lt; Exit [It] Populate registry with test layer - /Users/estebangarcia/workspace/distribution-spec/conformance/04_management_test.go:39 @ 03/04/25 16:20:35.502 (0s)&#xA;&gt; Enter [ReportAfterEach] TOP-LEVEL - /Users/estebangarcia/workspace/distribution-spec/conformance/00_conformance_suite_test.go:23 @ 03/04/25 16:20:35.502&#xA;&lt; Exit [ReportAfterEach] TOP-LEVEL - /Users/estebangarcia/workspace/distribution-spec/conformance/00_conformance_suite_test.go:23 @ 03/04/25 16:20:35.502 (0s)&#xA;</system-err>
          </testcase>
          <testcase name="OCI Distribution Conformance Tests Content Management Setup Populate registry with test tag" classname="conformance tests" status="skipped" time="5.8916e-05">
              <skipped message="skipped - you have skipped this test; if this is an error, check your environment variable settings:&#xA;&#x9;OCI_TEST_PULL=1&#xA;&#x9;OCI_TEST_PUSH=1&#xA;&#x9;OCI_TEST_CONTENT_DISCOVERY=1&#xA;&#x9;OCI_TEST_CONTENT_MANAGEMENT=0&#xA;"></skipped>
              <system-err>&gt; Enter [It] Populate registry with test tag - /Users/estebangarcia/workspace/distribution-spec/conformance/04_management_test.go:57 @ 03/04/25 16:20:35.502&#xA;[SKIPPED] you have skipped this test; if this is an error, check your environment variable settings:&#xA;&#x9;OCI_TEST_PULL=1&#xA;&#x9;OCI_TEST_PUSH=1&#xA;&#x9;OCI_TEST_CONTENT_DISCOVERY=1&#xA;&#x9;OCI_TEST_CONTENT_MANAGEMENT=0&#xA;In [It] at: /Users/estebangarcia/workspace/distribution-spec/conformance/setup.go:579 @ 03/04/25 16:20:35.502&#xA;&lt; Exit [It] Populate registry with test tag - /Users/estebangarcia/workspace/distribution-spec/conformance/04_management_test.go:57 @ 03/04/25 16:20:35.502 (0s)&#xA;&gt; Enter [ReportAfterEach] TOP-LEVEL - /Users/estebangarcia/workspace/distribution-spec/conformance/00_conformance_suite_test.go:23 @ 03/04/25 16:20:35.502&#xA;&lt; Exit [ReportAfterEach] TOP-LEVEL - /Users/estebangarcia/workspace/distribution-spec/conformance/00_conformance_suite_test.go:23 @ 03/04/25 16:20:35.502 (0s)&#xA;</system-err>
          </testcase>
          <testcase name="OCI Distribution Conformance Tests Content Management Setup Check how many tags there are before anything gets deleted" classname="conformance tests" status="skipped" time="5.9e-05">
              <skipped message="skipped - you have skipped this test; if this is an error, check your environment variable settings:&#xA;&#x9;OCI_TEST_CONTENT_MANAGEMENT=0&#xA;&#x9;OCI_TEST_PULL=1&#xA;&#x9;OCI_TEST_PUSH=1&#xA;&#x9;OCI_TEST_CONTENT_DISCOVERY=1&#xA;"></skipped>
              <system-err>&gt; Enter [It] Check how many tags there are before anything gets deleted - /Users/estebangarcia/workspace/distribution-spec/conformance/04_management_test.go:72 @ 03/04/25 16:20:35.502&#xA;[SKIPPED] you have skipped this test; if this is an error, check your environment variable settings:&#xA;&#x9;OCI_TEST_CONTENT_MANAGEMENT=0&#xA;&#x9;OCI_TEST_PULL=1&#xA;&#x9;OCI_TEST_PUSH=1&#xA;&#x9;OCI_TEST_CONTENT_DISCOVERY=1&#xA;In [It] at: /Users/estebangarcia/workspace/distribution-spec/conformance/setup.go:579 @ 03/04/25 16:20:35.502&#xA;&lt; Exit [It] Check how many tags there are before anything gets deleted - /Users/estebangarcia/workspace/distribution-spec/conformance/04_management_test.go:72 @ 03/04/25 16:20:35.502 (0s)&#xA;&gt; Enter [ReportAfterEach] TOP-LEVEL - /Users/estebangarcia/workspace/distribution-spec/conformance/00_conformance_suite_test.go:23 @ 03/04/25 16:20:35.502&#xA;&lt; Exit [ReportAfterEach] TOP-LEVEL - /Users/estebangarcia/workspace/distribution-spec/conformance/00_conformance_suite_test.go:23 @ 03/04/25 16:20:35.502 (0s)&#xA;</system-err>
          </testcase>
          <testcase name="OCI Distribution Conformance Tests Content Management Manifest delete DELETE request to manifest tag should return 202, unless tag deletion is disallowed (400/405)" classname="conformance tests" status="skipped" time="5.6125e-05">
              <skipped message="skipped - you have skipped this test; if this is an error, check your environment variable settings:&#xA;&#x9;OCI_TEST_PULL=1&#xA;&#x9;OCI_TEST_PUSH=1&#xA;&#x9;OCI_TEST_CONTENT_DISCOVERY=1&#xA;&#x9;OCI_TEST_CONTENT_MANAGEMENT=0&#xA;"></skipped>
              <system-err>&gt; Enter [It] DELETE request to manifest tag should return 202, unless tag deletion is disallowed (400/405) - /Users/estebangarcia/workspace/distribution-spec/conformance/04_management_test.go:88 @ 03/04/25 16:20:35.502&#xA;[SKIPPED] you have skipped this test; if this is an error, check your environment variable settings:&#xA;&#x9;OCI_TEST_PULL=1&#xA;&#x9;OCI_TEST_PUSH=1&#xA;&#x9;OCI_TEST_CONTENT_DISCOVERY=1&#xA;&#x9;OCI_TEST_CONTENT_MANAGEMENT=0&#xA;In [It] at: /Users/estebangarcia/workspace/distribution-spec/conformance/setup.go:579 @ 03/04/25 16:20:35.502&#xA;&lt; Exit [It] DELETE request to manifest tag should return 202, unless tag deletion is disallowed (400/405) - /Users/estebangarcia/workspace/distribution-spec/conformance/04_management_test.go:88 @ 03/04/25 16:20:35.502 (0s)&#xA;&gt; Enter [ReportAfterEach] TOP-LEVEL - /Users/estebangarcia/workspace/distribution-spec/conformance/00_conformance_suite_test.go:23 @ 03/04/25 16:20:35.502&#xA;&lt; Exit [ReportAfterEach] TOP-LEVEL - /Users/estebangarcia/workspace/distribution-spec/conformance/00_conformance_suite_test.go:23 @ 03/04/25 16:20:35.502 (0s)&#xA;</system-err>
          </testcase>
          <testcase name="OCI Distribution Conformance Tests Content Management Manifest delete DELETE request to manifest (digest) should yield 202 response unless already deleted" classname="conformance tests" status="skipped" time="5.45e-05">
              <skipped message="skipped - you have skipped this test; if this is an error, check your environment variable settings:&#xA;&#x9;OCI_TEST_PULL=1&#xA;&#x9;OCI_TEST_PUSH=1&#xA;&#x9;OCI_TEST_CONTENT_DISCOVERY=1&#xA;&#x9;OCI_TEST_CONTENT_MANAGEMENT=0&#xA;"></skipped>
              <system-err>&gt; Enter [It] DELETE request to manifest (digest) should yield 202 response unless already deleted - /Users/estebangarcia/workspace/distribution-spec/conformance/04_management_test.go:106 @ 03/04/25 16:20:35.502&#xA;[SKIPPED] you have skipped this test; if this is an error, check your environment variable settings:&#xA;&#x9;OCI_TEST_PULL=1&#xA;&#x9;OCI_TEST_PUSH=1&#xA;&#x9;OCI_TEST_CONTENT_DISCOVERY=1&#xA;&#x9;OCI_TEST_CONTENT_MANAGEMENT=0&#xA;In [It] at: /Users/estebangarcia/workspace/distribution-spec/conformance/setup.go:579 @ 03/04/25 16:20:35.502&#xA;&lt; Exit [It] DELETE request to manifest (digest) should yield 202 response unless already deleted - /Users/estebangarcia/workspace/distribution-spec/conformance/04_management_test.go:106 @ 03/04/25 16:20:35.502 (0s)&#xA;&gt; Enter [ReportAfterEach] TOP-LEVEL - /Users/estebangarcia/workspace/distribution-spec/conformance/00_conformance_suite_test.go:23 @ 03/04/25 16:20:35.502&#xA;&lt; Exit [ReportAfterEach] TOP-LEVEL - /Users/estebangarcia/workspace/distribution-spec/conformance/00_conformance_suite_test.go:23 @ 03/04/25 16:20:35.502 (0s)&#xA;</system-err>
          </testcase>
          <testcase name="OCI Distribution Conformance Tests Content Management Manifest delete GET request to deleted manifest URL should yield 404 response, unless delete is disallowed" classname="conformance tests" status="skipped" time="4.9583e-05">
              <skipped message="skipped - you have skipped this test; if this is an error, check your environment variable settings:&#xA;&#x9;OCI_TEST_PUSH=1&#xA;&#x9;OCI_TEST_CONTENT_DISCOVERY=1&#xA;&#x9;OCI_TEST_CONTENT_MANAGEMENT=0&#xA;&#x9;OCI_TEST_PULL=1&#xA;"></skipped>
              <system-err>&gt; Enter [It] GET request to deleted manifest URL should yield 404 response, unless delete is disallowed - /Users/estebangarcia/workspace/distribution-spec/conformance/04_management_test.go:118 @ 03/04/25 16:20:35.502&#xA;[SKIPPED] you have skipped this test; if this is an error, check your environment variable settings:&#xA;&#x9;OCI_TEST_PUSH=1&#xA;&#x9;OCI_TEST_CONTENT_DISCOVERY=1&#xA;&#x9;OCI_TEST_CONTENT_MANAGEMENT=0&#xA;&#x9;OCI_TEST_PULL=1&#xA;In [It] at: /Users/estebangarcia/workspace/distribution-spec/conformance/setup.go:579 @ 03/04/25 16:20:35.502&#xA;&lt; Exit [It] GET request to deleted manifest URL should yield 404 response, unless delete is disallowed - /Users/estebangarcia/workspace/distribution-spec/conformance/04_management_test.go:118 @ 03/04/25 16:20:35.502 (0s)&#xA;&gt; Enter [ReportAfterEach] TOP-LEVEL - /Users/estebangarcia/workspace/distribution-spec/conformance/00_conformance_suite_test.go:23 @ 03/04/25 16:20:35.502&#xA;&lt; Exit [ReportAfterEach] TOP-LEVEL - /Users/estebangarcia/workspace/distribution-spec/conformance/00_conformance_suite_test.go:23 @ 03/04/25 16:20:35.502 (0s)&#xA;</system-err>
          </testcase>
          <testcase name="OCI Distribution Conformance Tests Content Management Manifest delete GET request to tags list should reflect manifest deletion" classname="conformance tests" status="skipped" time="5.4959e-05">
              <skipped message="skipped - you have skipped this test; if this is an error, check your environment variable settings:&#xA;&#x9;OCI_TEST_PULL=1&#xA;&#x9;OCI_TEST_PUSH=1&#xA;&#x9;OCI_TEST_CONTENT_DISCOVERY=1&#xA;&#x9;OCI_TEST_CONTENT_MANAGEMENT=0&#xA;"></skipped>
              <system-err>&gt; Enter [It] GET request to tags list should reflect manifest deletion - /Users/estebangarcia/workspace/distribution-spec/conformance/04_management_test.go:129 @ 03/04/25 16:20:35.502&#xA;[SKIPPED] you have skipped this test; if this is an error, check your environment variable settings:&#xA;&#x9;OCI_TEST_PULL=1&#xA;&#x9;OCI_TEST_PUSH=1&#xA;&#x9;OCI_TEST_CONTENT_DISCOVERY=1&#xA;&#x9;OCI_TEST_CONTENT_MANAGEMENT=0&#xA;In [It] at: /Users/estebangarcia/workspace/distribution-spec/conformance/setup.go:579 @ 03/04/25 16:20:35.502&#xA;&lt; Exit [It] GET request to tags list should reflect manifest deletion - /Users/estebangarcia/workspace/distribution-spec/conformance/04_management_test.go:129 @ 03/04/25 16:20:35.502 (0s)&#xA;&gt; Enter [ReportAfterEach] TOP-LEVEL - /Users/estebangarcia/workspace/distribution-spec/conformance/00_conformance_suite_test.go:23 @ 03/04/25 16:20:35.502&#xA;&lt; Exit [ReportAfterEach] TOP-LEVEL - /Users/estebangarcia/workspace/distribution-spec/conformance/00_conformance_suite_test.go:23 @ 03/04/25 16:20:35.502 (0s)&#xA;</system-err>
          </testcase>
          <testcase name="OCI Distribution Conformance Tests Content Management Blob delete DELETE request to blob URL should yield 202 response" classname="conformance tests" status="skipped" time="6.1291e-05">
              <skipped message="skipped - you have skipped this test; if this is an error, check your environment variable settings:&#xA;&#x9;OCI_TEST_PUSH=1&#xA;&#x9;OCI_TEST_CONTENT_DISCOVERY=1&#xA;&#x9;OCI_TEST_CONTENT_MANAGEMENT=0&#xA;&#x9;OCI_TEST_PULL=1&#xA;"></skipped>
              <system-err>&gt; Enter [It] DELETE request to blob URL should yield 202 response - /Users/estebangarcia/workspace/distribution-spec/conformance/04_management_test.go:153 @ 03/04/25 16:20:35.502&#xA;[SKIPPED] you have skipped this test; if this is an error, check your environment variable settings:&#xA;&#x9;OCI_TEST_PUSH=1&#xA;&#x9;OCI_TEST_CONTENT_DISCOVERY=1&#xA;&#x9;OCI_TEST_CONTENT_MANAGEMENT=0&#xA;&#x9;OCI_TEST_PULL=1&#xA;In [It] at: /Users/estebangarcia/workspace/distribution-spec/conformance/setup.go:579 @ 03/04/25 16:20:35.502&#xA;&lt; Exit [It] DELETE request to blob URL should yield 202 response - /Users/estebangarcia/workspace/distribution-spec/conformance/04_management_test.go:153 @ 03/04/25 16:20:35.502 (0s)&#xA;&gt; Enter [ReportAfterEach] TOP-LEVEL - /Users/estebangarcia/workspace/distribution-spec/conformance/00_conformance_suite_test.go:23 @ 03/04/25 16:20:35.502&#xA;&lt; Exit [ReportAfterEach] TOP-LEVEL - /Users/estebangarcia/workspace/distribution-spec/conformance/00_conformance_suite_test.go:23 @ 03/04/25 16:20:35.502 (0s)&#xA;</system-err>
          </testcase>
          <testcase name="OCI Distribution Conformance Tests Content Management Blob delete GET request to deleted blob URL should yield 404 response" classname="conformance tests" status="skipped" time="5.8042e-05">
              <skipped message="skipped - you have skipped this test; if this is an error, check your environment variable settings:&#xA;&#x9;OCI_TEST_PULL=1&#xA;&#x9;OCI_TEST_PUSH=1&#xA;&#x9;OCI_TEST_CONTENT_DISCOVERY=1&#xA;&#x9;OCI_TEST_CONTENT_MANAGEMENT=0&#xA;"></skipped>
              <system-err>&gt; Enter [It] GET request to deleted blob URL should yield 404 response - /Users/estebangarcia/workspace/distribution-spec/conformance/04_management_test.go:180 @ 03/04/25 16:20:35.502&#xA;[SKIPPED] you have skipped this test; if this is an error, check your environment variable settings:&#xA;&#x9;OCI_TEST_PULL=1&#xA;&#x9;OCI_TEST_PUSH=1&#xA;&#x9;OCI_TEST_CONTENT_DISCOVERY=1&#xA;&#x9;OCI_TEST_CONTENT_MANAGEMENT=0&#xA;In [It] at: /Users/estebangarcia/workspace/distribution-spec/conformance/setup.go:579 @ 03/04/25 16:20:35.502&#xA;&lt; Exit [It] GET request to deleted blob URL should yield 404 response - /Users/estebangarcia/workspace/distribution-spec/conformance/04_management_test.go:180 @ 03/04/25 16:20:35.502 (0s)&#xA;&gt; Enter [ReportAfterEach] TOP-LEVEL - /Users/estebangarcia/workspace/distribution-spec/conformance/00_conformance_suite_test.go:23 @ 03/04/25 16:20:35.502&#xA;&lt; Exit [ReportAfterEach] TOP-LEVEL - /Users/estebangarcia/workspace/distribution-spec/conformance/00_conformance_suite_test.go:23 @ 03/04/25 16:20:35.502 (0s)&#xA;</system-err>
          </testcase>
          <testcase name="html custom reporter" classname="conformance tests" status="passed" time="0.017017333">
              <system-err>&gt; Enter [ReportAfterSuite] TOP-LEVEL - /Users/estebangarcia/workspace/distribution-spec/conformance/00_conformance_suite_test.go:24 @ 03/04/25 16:20:35.503&#xA;&lt; Exit [ReportAfterSuite] TOP-LEVEL - /Users/estebangarcia/workspace/distribution-spec/conformance/00_conformance_suite_test.go:24 @ 03/04/25 16:20:35.52 (17ms)&#xA;</system-err>
          </testcase>
      </testsuite>
  </testsuites>